[1.620s] Invoking command in '/home/palopezw/TitoSync/ros2_ws/src/perception_pkg': PYTHONPATH=/home/palopezw/TitoSync/ros2_ws/src/build/perception_pkg/prefix_override:/usr/lib/python3/dist-packages/colcon_core/task/python/colcon_distutils_commands:/home/palopezw/TitoSync/ros2_ws/src/install/perception_pkg/lib/python3.10/site-packages:${PYTHONPATH} /usr/bin/python3 -W ignore:setup.py install is deprecated -W ignore:easy_install command is deprecated setup.py egg_info --egg-base ../build/perception_pkg build --build-base /home/palopezw/TitoSync/ros2_ws/src/build/perception_pkg/build install --record /home/palopezw/TitoSync/ros2_ws/src/build/perception_pkg/install.log --single-version-externally-managed install_data
[1.933s] running egg_info
[1.935s] writing ../build/perception_pkg/perception_pkg.egg-info/PKG-INFO
[1.936s] writing dependency_links to ../build/perception_pkg/perception_pkg.egg-info/dependency_links.txt
[1.936s] writing entry points to ../build/perception_pkg/perception_pkg.egg-info/entry_points.txt
[1.937s] writing requirements to ../build/perception_pkg/perception_pkg.egg-info/requires.txt
[1.937s] writing top-level names to ../build/perception_pkg/perception_pkg.egg-info/top_level.txt
[1.940s] reading manifest file '../build/perception_pkg/perception_pkg.egg-info/SOURCES.txt'
[1.942s] writing manifest file '../build/perception_pkg/perception_pkg.egg-info/SOURCES.txt'
[1.942s] running build
[1.942s] running build_py
[1.943s] copying perception_pkg/calibracion_oak_final.py -> /home/palopezw/TitoSync/ros2_ws/src/build/perception_pkg/build/lib/perception_pkg
[1.944s] copying perception_pkg/camara_oak.py -> /home/palopezw/TitoSync/ros2_ws/src/build/perception_pkg/build/lib/perception_pkg
[1.946s] copying perception_pkg/camara.py -> /home/palopezw/TitoSync/ros2_ws/src/build/perception_pkg/build/lib/perception_pkg
[1.947s] running install
[1.947s] running install_lib
[1.949s] copying /home/palopezw/TitoSync/ros2_ws/src/build/perception_pkg/build/lib/perception_pkg/calibracion_oak_final.py -> /home/palopezw/TitoSync/ros2_ws/src/install/perception_pkg/lib/python3.10/site-packages/perception_pkg
[1.949s] copying /home/palopezw/TitoSync/ros2_ws/src/build/perception_pkg/build/lib/perception_pkg/camara_oak.py -> /home/palopezw/TitoSync/ros2_ws/src/install/perception_pkg/lib/python3.10/site-packages/perception_pkg
[1.950s] copying /home/palopezw/TitoSync/ros2_ws/src/build/perception_pkg/build/lib/perception_pkg/camara.py -> /home/palopezw/TitoSync/ros2_ws/src/install/perception_pkg/lib/python3.10/site-packages/perception_pkg
[1.951s] byte-compiling /home/palopezw/TitoSync/ros2_ws/src/install/perception_pkg/lib/python3.10/site-packages/perception_pkg/calibracion_oak_final.py to calibracion_oak_final.cpython-310.pyc
[1.955s] byte-compiling /home/palopezw/TitoSync/ros2_ws/src/install/perception_pkg/lib/python3.10/site-packages/perception_pkg/camara_oak.py to camara_oak.cpython-310.pyc
[1.957s] byte-compiling /home/palopezw/TitoSync/ros2_ws/src/install/perception_pkg/lib/python3.10/site-packages/perception_pkg/camara.py to camara.cpython-310.pyc
[1.959s] running install_data
[1.959s] running install_egg_info
[1.963s] removing '/home/palopezw/TitoSync/ros2_ws/src/install/perception_pkg/lib/python3.10/site-packages/perception_pkg-0.0.0-py3.10.egg-info' (and everything under it)
[1.964s] Copying ../build/perception_pkg/perception_pkg.egg-info to /home/palopezw/TitoSync/ros2_ws/src/install/perception_pkg/lib/python3.10/site-packages/perception_pkg-0.0.0-py3.10.egg-info
[1.966s] running install_scripts
[2.001s] Installing camara script to /home/palopezw/TitoSync/ros2_ws/src/install/perception_pkg/lib/perception_pkg
[2.002s] writing list of installed files to '/home/palopezw/TitoSync/ros2_ws/src/build/perception_pkg/install.log'
[2.073s] Invoked command in '/home/palopezw/TitoSync/ros2_ws/src/perception_pkg' returned '0': PYTHONPATH=/home/palopezw/TitoSync/ros2_ws/src/build/perception_pkg/prefix_override:/usr/lib/python3/dist-packages/colcon_core/task/python/colcon_distutils_commands:/home/palopezw/TitoSync/ros2_ws/src/install/perception_pkg/lib/python3.10/site-packages:${PYTHONPATH} /usr/bin/python3 -W ignore:setup.py install is deprecated -W ignore:easy_install command is deprecated setup.py egg_info --egg-base ../build/perception_pkg build --build-base /home/palopezw/TitoSync/ros2_ws/src/build/perception_pkg/build install --record /home/palopezw/TitoSync/ros2_ws/src/build/perception_pkg/install.log --single-version-externally-managed install_data
