[1.009s] Invoking command in '/home/palopezw/TitoSync/ros2_ws/src/perception_pkg': PYTHONPATH=/home/palopezw/TitoSync/ros2_ws/src/perception_pkg/build/perception_pkg/prefix_override:/usr/lib/python3/dist-packages/colcon_core/task/python/colcon_distutils_commands:/home/palopezw/TitoSync/ros2_ws/src/perception_pkg/install/perception_pkg/lib/python3.10/site-packages:${PYTHONPATH} /usr/bin/python3 -W ignore:setup.py install is deprecated -W ignore:easy_install command is deprecated setup.py egg_info --egg-base build/perception_pkg build --build-base /home/palopezw/TitoSync/ros2_ws/src/perception_pkg/build/perception_pkg/build install --record /home/palopezw/TitoSync/ros2_ws/src/perception_pkg/build/perception_pkg/install.log --single-version-externally-managed install_data
[1.294s] running egg_info
[1.295s] creating build/perception_pkg/perception_pkg.egg-info
[1.296s] writing build/perception_pkg/perception_pkg.egg-info/PKG-INFO
[1.296s] writing dependency_links to build/perception_pkg/perception_pkg.egg-info/dependency_links.txt
[1.296s] writing entry points to build/perception_pkg/perception_pkg.egg-info/entry_points.txt
[1.297s] writing requirements to build/perception_pkg/perception_pkg.egg-info/requires.txt
[1.297s] writing top-level names to build/perception_pkg/perception_pkg.egg-info/top_level.txt
[1.297s] writing manifest file 'build/perception_pkg/perception_pkg.egg-info/SOURCES.txt'
[1.300s] reading manifest file 'build/perception_pkg/perception_pkg.egg-info/SOURCES.txt'
[1.302s] writing manifest file 'build/perception_pkg/perception_pkg.egg-info/SOURCES.txt'
[1.302s] running build
[1.302s] running build_py
[1.302s] creating /home/palopezw/TitoSync/ros2_ws/src/perception_pkg/build/perception_pkg/build
[1.303s] creating /home/palopezw/TitoSync/ros2_ws/src/perception_pkg/build/perception_pkg/build/lib
[1.303s] creating /home/palopezw/TitoSync/ros2_ws/src/perception_pkg/build/perception_pkg/build/lib/perception_pkg
[1.303s] copying perception_pkg/__init__.py -> /home/palopezw/TitoSync/ros2_ws/src/perception_pkg/build/perception_pkg/build/lib/perception_pkg
[1.304s] copying perception_pkg/funciones_auxiliares.py -> /home/palopezw/TitoSync/ros2_ws/src/perception_pkg/build/perception_pkg/build/lib/perception_pkg
[1.305s] copying perception_pkg/camara.py -> /home/palopezw/TitoSync/ros2_ws/src/perception_pkg/build/perception_pkg/build/lib/perception_pkg
[1.306s] copying perception_pkg/calibracion.py -> /home/palopezw/TitoSync/ros2_ws/src/perception_pkg/build/perception_pkg/build/lib/perception_pkg
[1.307s] running install
[1.308s] running install_lib
[1.308s] creating /home/palopezw/TitoSync/ros2_ws/src/perception_pkg/install/perception_pkg/lib/python3.10/site-packages/perception_pkg
[1.309s] copying /home/palopezw/TitoSync/ros2_ws/src/perception_pkg/build/perception_pkg/build/lib/perception_pkg/__init__.py -> /home/palopezw/TitoSync/ros2_ws/src/perception_pkg/install/perception_pkg/lib/python3.10/site-packages/perception_pkg
[1.310s] copying /home/palopezw/TitoSync/ros2_ws/src/perception_pkg/build/perception_pkg/build/lib/perception_pkg/funciones_auxiliares.py -> /home/palopezw/TitoSync/ros2_ws/src/perception_pkg/install/perception_pkg/lib/python3.10/site-packages/perception_pkg
[1.310s] copying /home/palopezw/TitoSync/ros2_ws/src/perception_pkg/build/perception_pkg/build/lib/perception_pkg/camara.py -> /home/palopezw/TitoSync/ros2_ws/src/perception_pkg/install/perception_pkg/lib/python3.10/site-packages/perception_pkg
[1.310s] copying /home/palopezw/TitoSync/ros2_ws/src/perception_pkg/build/perception_pkg/build/lib/perception_pkg/calibracion.py -> /home/palopezw/TitoSync/ros2_ws/src/perception_pkg/install/perception_pkg/lib/python3.10/site-packages/perception_pkg
[1.311s] byte-compiling /home/palopezw/TitoSync/ros2_ws/src/perception_pkg/install/perception_pkg/lib/python3.10/site-packages/perception_pkg/__init__.py to __init__.cpython-310.pyc
[1.312s] byte-compiling /home/palopezw/TitoSync/ros2_ws/src/perception_pkg/install/perception_pkg/lib/python3.10/site-packages/perception_pkg/funciones_auxiliares.py to funciones_auxiliares.cpython-310.pyc
[1.313s] byte-compiling /home/palopezw/TitoSync/ros2_ws/src/perception_pkg/install/perception_pkg/lib/python3.10/site-packages/perception_pkg/camara.py to camara.cpython-310.pyc
[1.315s] byte-compiling /home/palopezw/TitoSync/ros2_ws/src/perception_pkg/install/perception_pkg/lib/python3.10/site-packages/perception_pkg/calibracion.py to calibracion.cpython-310.pyc
[1.317s] running install_data
[1.317s] creating /home/palopezw/TitoSync/ros2_ws/src/perception_pkg/install/perception_pkg/share/ament_index
[1.317s] creating /home/palopezw/TitoSync/ros2_ws/src/perception_pkg/install/perception_pkg/share/ament_index/resource_index
[1.317s] creating /home/palopezw/TitoSync/ros2_ws/src/perception_pkg/install/perception_pkg/share/ament_index/resource_index/packages
[1.318s] copying resource/perception_pkg -> /home/palopezw/TitoSync/ros2_ws/src/perception_pkg/install/perception_pkg/share/ament_index/resource_index/packages
[1.318s] creating /home/palopezw/TitoSync/ros2_ws/src/perception_pkg/install/perception_pkg/share/perception_pkg/launch
[1.318s] copying launch/bringup_launch.py -> /home/palopezw/TitoSync/ros2_ws/src/perception_pkg/install/perception_pkg/share/perception_pkg/launch
[1.319s] copying package.xml -> /home/palopezw/TitoSync/ros2_ws/src/perception_pkg/install/perception_pkg/share/perception_pkg
[1.319s] running install_egg_info
[1.322s] Copying build/perception_pkg/perception_pkg.egg-info to /home/palopezw/TitoSync/ros2_ws/src/perception_pkg/install/perception_pkg/lib/python3.10/site-packages/perception_pkg-0.0.0-py3.10.egg-info
[1.323s] running install_scripts
[1.351s] Installing camara script to /home/palopezw/TitoSync/ros2_ws/src/perception_pkg/install/perception_pkg/lib/perception_pkg
[1.352s] writing list of installed files to '/home/palopezw/TitoSync/ros2_ws/src/perception_pkg/build/perception_pkg/install.log'
[1.380s] Invoked command in '/home/palopezw/TitoSync/ros2_ws/src/perception_pkg' returned '0': PYTHONPATH=/home/palopezw/TitoSync/ros2_ws/src/perception_pkg/build/perception_pkg/prefix_override:/usr/lib/python3/dist-packages/colcon_core/task/python/colcon_distutils_commands:/home/palopezw/TitoSync/ros2_ws/src/perception_pkg/install/perception_pkg/lib/python3.10/site-packages:${PYTHONPATH} /usr/bin/python3 -W ignore:setup.py install is deprecated -W ignore:easy_install command is deprecated setup.py egg_info --egg-base build/perception_pkg build --build-base /home/palopezw/TitoSync/ros2_ws/src/perception_pkg/build/perception_pkg/build install --record /home/palopezw/TitoSync/ros2_ws/src/perception_pkg/build/perception_pkg/install.log --single-version-externally-managed install_data
