[0.181s] DEBUG:colcon:Command line arguments: ['/usr/bin/colcon', 'build']
[0.181s] DEBUG:colcon:Parsed command line arguments: Namespace(log_base=None, log_level=None, verb_name='build', build_base='build', install_base='install', merge_install=False, symlink_install=False, test_result_base=None, continue_on_error=False, executor='parallel', parallel_workers=8, event_handlers=None, ignore_user_meta=False, metas=['./colcon.meta'], base_paths=['.'], packages_ignore=None, packages_ignore_regex=None, paths=None, packages_up_to=None, packages_up_to_regex=None, packages_above=None, packages_above_and_dependencies=None, packages_above_depth=None, packages_select_by_dep=None, packages_skip_by_dep=None, packages_skip_up_to=None, packages_select_build_failed=False, packages_skip_build_finished=False, packages_select_test_failures=False, packages_skip_test_passed=False, packages_select=None, packages_skip=None, packages_select_regex=None, packages_skip_regex=None, packages_start=None, packages_end=None, allow_overriding=[], cmake_args=None, cmake_target=None, cmake_target_skip_unavailable=False, cmake_clean_cache=False, cmake_clean_first=False, cmake_force_configure=False, ament_cmake_args=None, catkin_cmake_args=None, catkin_skip_building_tests=False, verb_parser=<colcon_defaults.argument_parser.defaults.DefaultArgumentsDecorator object at 0x787a88ffb400>, verb_extension=<colcon_core.verb.build.BuildVerb object at 0x787a88ffaef0>, main=<bound method BuildVerb.main of <colcon_core.verb.build.BuildVerb object at 0x787a88ffaef0>>)
[0.312s] Level 1:colcon.colcon_core.package_discovery:discover_packages(colcon_meta) check parameters
[0.312s] Level 1:colcon.colcon_core.package_discovery:discover_packages(recursive) check parameters
[0.312s] Level 1:colcon.colcon_core.package_discovery:discover_packages(ignore) check parameters
[0.312s] Level 1:colcon.colcon_core.package_discovery:discover_packages(path) check parameters
[0.312s] Level 1:colcon.colcon_core.package_discovery:discover_packages(colcon_meta) discover
[0.312s] Level 1:colcon.colcon_core.package_discovery:discover_packages(recursive) discover
[0.312s] INFO:colcon.colcon_core.package_discovery:Crawling recursively for packages in '/home/palopezw/TitoSync/ros2_ws/src/perception_pkg'
[0.312s] Level 1:colcon.colcon_core.package_identification:_identify(.) by extensions ['ignore', 'ignore_ament_install']
[0.312s] Level 1:colcon.colcon_core.package_identification:_identify(.) by extension 'ignore'
[0.313s] Level 1:colcon.colcon_core.package_identification:_identify(.) by extension 'ignore_ament_install'
[0.313s] Level 1:colcon.colcon_core.package_identification:_identify(.) by extensions ['colcon_pkg']
[0.313s] Level 1:colcon.colcon_core.package_identification:_identify(.) by extension 'colcon_pkg'
[0.313s] Level 1:colcon.colcon_core.package_identification:_identify(.) by extensions ['colcon_meta']
[0.313s] Level 1:colcon.colcon_core.package_identification:_identify(.) by extension 'colcon_meta'
[0.313s] Level 1:colcon.colcon_core.package_identification:_identify(.) by extensions ['ros']
[0.313s] Level 1:colcon.colcon_core.package_identification:_identify(.) by extension 'ros'
[0.327s] DEBUG:colcon.colcon_core.package_identification:Package '.' with type 'ros.ament_python' and name 'perception_pkg'
[0.327s] Level 1:colcon.colcon_core.package_discovery:discover_packages(recursive) using defaults
[0.327s] Level 1:colcon.colcon_core.package_discovery:discover_packages(ignore) discover
[0.327s] Level 1:colcon.colcon_core.package_discovery:discover_packages(ignore) using defaults
[0.327s] Level 1:colcon.colcon_core.package_discovery:discover_packages(path) discover
[0.327s] Level 1:colcon.colcon_core.package_discovery:discover_packages(path) using defaults
[0.348s] Level 1:colcon.colcon_core.package_discovery:discover_packages(prefix_path) check parameters
[0.348s] Level 1:colcon.colcon_core.package_discovery:discover_packages(prefix_path) discover
[0.349s] DEBUG:colcon.colcon_installed_package_information.package_discovery:Found 3 installed packages in /home/palopezw/TitoSync/ros2_ws/install
[0.351s] DEBUG:colcon.colcon_installed_package_information.package_discovery:Found 193 installed packages in /opt/ros/humble
[0.352s] Level 1:colcon.colcon_core.package_discovery:discover_packages(prefix_path) using defaults
[0.376s] Level 5:colcon.colcon_core.verb:set package 'perception_pkg' build argument 'cmake_args' from command line to 'None'
[0.376s] Level 5:colcon.colcon_core.verb:set package 'perception_pkg' build argument 'cmake_target' from command line to 'None'
[0.376s] Level 5:colcon.colcon_core.verb:set package 'perception_pkg' build argument 'cmake_target_skip_unavailable' from command line to 'False'
[0.376s] Level 5:colcon.colcon_core.verb:set package 'perception_pkg' build argument 'cmake_clean_cache' from command line to 'False'
[0.376s] Level 5:colcon.colcon_core.verb:set package 'perception_pkg' build argument 'cmake_clean_first' from command line to 'False'
[0.376s] Level 5:colcon.colcon_core.verb:set package 'perception_pkg' build argument 'cmake_force_configure' from command line to 'False'
[0.376s] Level 5:colcon.colcon_core.verb:set package 'perception_pkg' build argument 'ament_cmake_args' from command line to 'None'
[0.376s] Level 5:colcon.colcon_core.verb:set package 'perception_pkg' build argument 'catkin_cmake_args' from command line to 'None'
[0.376s] Level 5:colcon.colcon_core.verb:set package 'perception_pkg' build argument 'catkin_skip_building_tests' from command line to 'False'
[0.376s] DEBUG:colcon.colcon_core.verb:Building package 'perception_pkg' with the following arguments: {'ament_cmake_args': None, 'build_base': '/home/palopezw/TitoSync/ros2_ws/src/perception_pkg/build/perception_pkg', 'catkin_cmake_args': None, 'catkin_skip_building_tests': False, 'cmake_args': None, 'cmake_clean_cache': False, 'cmake_clean_first': False, 'cmake_force_configure': False, 'cmake_target': None, 'cmake_target_skip_unavailable': False, 'install_base': '/home/palopezw/TitoSync/ros2_ws/src/perception_pkg/install/perception_pkg', 'merge_install': False, 'path': '/home/palopezw/TitoSync/ros2_ws/src/perception_pkg', 'symlink_install': False, 'test_result_base': None}
[0.376s] INFO:colcon.colcon_core.executor:Executing jobs using 'parallel' executor
[0.377s] DEBUG:colcon.colcon_parallel_executor.executor.parallel:run_until_complete
[0.378s] INFO:colcon.colcon_ros.task.ament_python.build:Building ROS package in '/home/palopezw/TitoSync/ros2_ws/src/perception_pkg' with build type 'ament_python'
[0.378s] Level 1:colcon.colcon_core.shell:create_environment_hook('perception_pkg', 'ament_prefix_path')
[0.381s] INFO:colcon.colcon_core.plugin_system:Skipping extension 'colcon_core.shell.bat': Not used on non-Windows systems
[0.381s] INFO:colcon.colcon_core.shell:Creating environment hook '/home/palopezw/TitoSync/ros2_ws/src/perception_pkg/install/perception_pkg/share/perception_pkg/hook/ament_prefix_path.ps1'
[0.382s] INFO:colcon.colcon_core.shell:Creating environment descriptor '/home/palopezw/TitoSync/ros2_ws/src/perception_pkg/install/perception_pkg/share/perception_pkg/hook/ament_prefix_path.dsv'
[0.382s] INFO:colcon.colcon_core.shell:Creating environment hook '/home/palopezw/TitoSync/ros2_ws/src/perception_pkg/install/perception_pkg/share/perception_pkg/hook/ament_prefix_path.sh'
[0.383s] INFO:colcon.colcon_core.shell:Skip shell extension 'powershell' for command environment: Not usable outside of PowerShell
[0.383s] DEBUG:colcon.colcon_core.shell:Skip shell extension 'dsv' for command environment
[0.676s] INFO:colcon.colcon_core.task.python.build:Building Python package in '/home/palopezw/TitoSync/ros2_ws/src/perception_pkg'
[0.677s] INFO:colcon.colcon_core.shell:Skip shell extension 'powershell' for command environment: Not usable outside of PowerShell
[0.677s] DEBUG:colcon.colcon_core.shell:Skip shell extension 'dsv' for command environment
[1.017s] DEBUG:colcon.colcon_core.event_handler.log_command:Invoking command in '/home/palopezw/TitoSync/ros2_ws/src/perception_pkg': PYTHONPATH=/home/palopezw/TitoSync/ros2_ws/src/perception_pkg/build/perception_pkg/prefix_override:/usr/lib/python3/dist-packages/colcon_core/task/python/colcon_distutils_commands:/home/palopezw/TitoSync/ros2_ws/src/perception_pkg/install/perception_pkg/lib/python3.10/site-packages:${PYTHONPATH} /usr/bin/python3 -W ignore:setup.py install is deprecated -W ignore:easy_install command is deprecated setup.py egg_info --egg-base build/perception_pkg build --build-base /home/palopezw/TitoSync/ros2_ws/src/perception_pkg/build/perception_pkg/build install --record /home/palopezw/TitoSync/ros2_ws/src/perception_pkg/build/perception_pkg/install.log --single-version-externally-managed install_data
[1.314s] DEBUG:colcon.colcon_core.event_handler.log_command:Invoked command in '/home/palopezw/TitoSync/ros2_ws/src/perception_pkg' returned '0': PYTHONPATH=/home/palopezw/TitoSync/ros2_ws/src/perception_pkg/build/perception_pkg/prefix_override:/usr/lib/python3/dist-packages/colcon_core/task/python/colcon_distutils_commands:/home/palopezw/TitoSync/ros2_ws/src/perception_pkg/install/perception_pkg/lib/python3.10/site-packages:${PYTHONPATH} /usr/bin/python3 -W ignore:setup.py install is deprecated -W ignore:easy_install command is deprecated setup.py egg_info --egg-base build/perception_pkg build --build-base /home/palopezw/TitoSync/ros2_ws/src/perception_pkg/build/perception_pkg/build install --record /home/palopezw/TitoSync/ros2_ws/src/perception_pkg/build/perception_pkg/install.log --single-version-externally-managed install_data
[1.316s] Level 1:colcon.colcon_core.environment:checking '/home/palopezw/TitoSync/ros2_ws/src/perception_pkg/install/perception_pkg' for CMake module files
[1.318s] Level 1:colcon.colcon_core.environment:checking '/home/palopezw/TitoSync/ros2_ws/src/perception_pkg/install/perception_pkg' for CMake config files
[1.323s] Level 1:colcon.colcon_core.environment:checking '/home/palopezw/TitoSync/ros2_ws/src/perception_pkg/install/perception_pkg/lib'
[1.323s] Level 1:colcon.colcon_core.environment:checking '/home/palopezw/TitoSync/ros2_ws/src/perception_pkg/install/perception_pkg/bin'
[1.323s] Level 1:colcon.colcon_core.environment:checking '/home/palopezw/TitoSync/ros2_ws/src/perception_pkg/install/perception_pkg/lib/pkgconfig/perception_pkg.pc'
[1.323s] Level 1:colcon.colcon_core.environment:checking '/home/palopezw/TitoSync/ros2_ws/src/perception_pkg/install/perception_pkg/lib/python3.10/site-packages'
[1.323s] Level 1:colcon.colcon_core.shell:create_environment_hook('perception_pkg', 'pythonpath')
[1.323s] INFO:colcon.colcon_core.shell:Creating environment hook '/home/palopezw/TitoSync/ros2_ws/src/perception_pkg/install/perception_pkg/share/perception_pkg/hook/pythonpath.ps1'
[1.324s] INFO:colcon.colcon_core.shell:Creating environment descriptor '/home/palopezw/TitoSync/ros2_ws/src/perception_pkg/install/perception_pkg/share/perception_pkg/hook/pythonpath.dsv'
[1.324s] INFO:colcon.colcon_core.shell:Creating environment hook '/home/palopezw/TitoSync/ros2_ws/src/perception_pkg/install/perception_pkg/share/perception_pkg/hook/pythonpath.sh'
[1.325s] Level 1:colcon.colcon_core.environment:checking '/home/palopezw/TitoSync/ros2_ws/src/perception_pkg/install/perception_pkg/bin'
[1.325s] Level 1:colcon.colcon_core.environment:create_environment_scripts_only(perception_pkg)
[1.325s] INFO:colcon.colcon_core.shell:Creating package script '/home/palopezw/TitoSync/ros2_ws/src/perception_pkg/install/perception_pkg/share/perception_pkg/package.ps1'
[1.326s] INFO:colcon.colcon_core.shell:Creating package descriptor '/home/palopezw/TitoSync/ros2_ws/src/perception_pkg/install/perception_pkg/share/perception_pkg/package.dsv'
[1.326s] INFO:colcon.colcon_core.shell:Creating package script '/home/palopezw/TitoSync/ros2_ws/src/perception_pkg/install/perception_pkg/share/perception_pkg/package.sh'
[1.327s] INFO:colcon.colcon_core.shell:Creating package script '/home/palopezw/TitoSync/ros2_ws/src/perception_pkg/install/perception_pkg/share/perception_pkg/package.bash'
[1.328s] INFO:colcon.colcon_core.shell:Creating package script '/home/palopezw/TitoSync/ros2_ws/src/perception_pkg/install/perception_pkg/share/perception_pkg/package.zsh'
[1.329s] Level 1:colcon.colcon_core.environment:create_file_with_runtime_dependencies(/home/palopezw/TitoSync/ros2_ws/src/perception_pkg/install/perception_pkg/share/colcon-core/packages/perception_pkg)
[1.329s] DEBUG:colcon.colcon_parallel_executor.executor.parallel:closing loop
[1.330s] DEBUG:colcon.colcon_parallel_executor.executor.parallel:loop closed
[1.330s] DEBUG:colcon.colcon_parallel_executor.executor.parallel:run_until_complete finished with '0'
[1.330s] DEBUG:colcon.colcon_core.event_reactor:joining thread
[1.381s] INFO:colcon.colcon_core.plugin_system:Skipping extension 'colcon_notification.desktop_notification.notify_send': Could not find 'notify-send'
[1.382s] INFO:colcon.colcon_core.plugin_system:Skipping extension 'colcon_notification.desktop_notification.terminal_notifier': Not used on non-Darwin systems
[1.382s] INFO:colcon.colcon_core.plugin_system:Skipping extension 'colcon_notification.desktop_notification.win32': Not used on non-Windows systems
[1.382s] INFO:colcon.colcon_notification.desktop_notification:Sending desktop notification using 'notify2'
[1.382s] DEBUG:colcon.colcon_notification.desktop_notification.notify2:Failed to initialize notify2: org.freedesktop.DBus.Error.FileNotFound: Failed to connect to socket /run/user/1000/bus: No such file or directory
[1.382s] DEBUG:colcon.colcon_core.event_reactor:joined thread
[1.383s] INFO:colcon.colcon_core.shell:Creating prefix script '/home/palopezw/TitoSync/ros2_ws/src/perception_pkg/install/local_setup.ps1'
[1.384s] INFO:colcon.colcon_core.shell:Creating prefix util module '/home/palopezw/TitoSync/ros2_ws/src/perception_pkg/install/_local_setup_util_ps1.py'
[1.385s] INFO:colcon.colcon_core.shell:Creating prefix chain script '/home/palopezw/TitoSync/ros2_ws/src/perception_pkg/install/setup.ps1'
[1.386s] INFO:colcon.colcon_core.shell:Creating prefix script '/home/palopezw/TitoSync/ros2_ws/src/perception_pkg/install/local_setup.sh'
[1.387s] INFO:colcon.colcon_core.shell:Creating prefix util module '/home/palopezw/TitoSync/ros2_ws/src/perception_pkg/install/_local_setup_util_sh.py'
[1.387s] INFO:colcon.colcon_core.shell:Creating prefix chain script '/home/palopezw/TitoSync/ros2_ws/src/perception_pkg/install/setup.sh'
[1.389s] INFO:colcon.colcon_core.shell:Creating prefix script '/home/palopezw/TitoSync/ros2_ws/src/perception_pkg/install/local_setup.bash'
[1.389s] INFO:colcon.colcon_core.shell:Creating prefix chain script '/home/palopezw/TitoSync/ros2_ws/src/perception_pkg/install/setup.bash'
[1.390s] INFO:colcon.colcon_core.shell:Creating prefix script '/home/palopezw/TitoSync/ros2_ws/src/perception_pkg/install/local_setup.zsh'
[1.390s] INFO:colcon.colcon_core.shell:Creating prefix chain script '/home/palopezw/TitoSync/ros2_ws/src/perception_pkg/install/setup.zsh'
