running egg_info
writing build/perception_pkg/perception_pkg.egg-info/PKG-INFO
writing dependency_links to build/perception_pkg/perception_pkg.egg-info/dependency_links.txt
writing entry points to build/perception_pkg/perception_pkg.egg-info/entry_points.txt
writing requirements to build/perception_pkg/perception_pkg.egg-info/requires.txt
writing top-level names to build/perception_pkg/perception_pkg.egg-info/top_level.txt
reading manifest file 'build/perception_pkg/perception_pkg.egg-info/SOURCES.txt'
writing manifest file 'build/perception_pkg/perception_pkg.egg-info/SOURCES.txt'
running build
running build_py
copying perception_pkg/calibracion_oak_final.py -> /home/palopezw/TitoSync/ros2_ws/src/perception_pkg/build/perception_pkg/build/lib/perception_pkg
running install
running install_lib
copying /home/palopezw/TitoSync/ros2_ws/src/perception_pkg/build/perception_pkg/build/lib/perception_pkg/calibracion_oak_final.py -> /home/palopezw/TitoSync/ros2_ws/src/perception_pkg/install/perception_pkg/lib/python3.10/site-packages/perception_pkg
byte-compiling /home/palopezw/TitoSync/ros2_ws/src/perception_pkg/install/perception_pkg/lib/python3.10/site-packages/perception_pkg/calibracion_oak_final.py to calibracion_oak_final.cpython-310.pyc
running install_data
running install_egg_info
removing '/home/palopezw/TitoSync/ros2_ws/src/perception_pkg/install/perception_pkg/lib/python3.10/site-packages/perception_pkg-0.0.0-py3.10.egg-info' (and everything under it)
Copying build/perception_pkg/perception_pkg.egg-info to /home/palopezw/TitoSync/ros2_ws/src/perception_pkg/install/perception_pkg/lib/python3.10/site-packages/perception_pkg-0.0.0-py3.10.egg-info
running install_scripts
Installing camara script to /home/palopezw/TitoSync/ros2_ws/src/perception_pkg/install/perception_pkg/lib/perception_pkg
writing list of installed files to '/home/palopezw/TitoSync/ros2_ws/src/perception_pkg/build/perception_pkg/install.log'
