[0.638s] Invoking command in '/home/palopezw/TitoSync/ros2_ws/src/perception_pkg': PYTHONPATH=/home/palopezw/TitoSync/ros2_ws/src/perception_pkg/build/perception_pkg/prefix_override:/usr/lib/python3/dist-packages/colcon_core/task/python/colcon_distutils_commands:/home/palopezw/TitoSync/ros2_ws/src/perception_pkg/install/perception_pkg/lib/python3.10/site-packages:${PYTHONPATH} /usr/bin/python3 -W ignore:setup.py install is deprecated -W ignore:easy_install command is deprecated setup.py egg_info --egg-base build/perception_pkg build --build-base /home/palopezw/TitoSync/ros2_ws/src/perception_pkg/build/perception_pkg/build install --record /home/palopezw/TitoSync/ros2_ws/src/perception_pkg/build/perception_pkg/install.log --single-version-externally-managed install_data
[0.871s] running egg_info
[0.873s] writing build/perception_pkg/perception_pkg.egg-info/PKG-INFO
[0.873s] writing dependency_links to build/perception_pkg/perception_pkg.egg-info/dependency_links.txt
[0.873s] writing entry points to build/perception_pkg/perception_pkg.egg-info/entry_points.txt
[0.873s] writing requirements to build/perception_pkg/perception_pkg.egg-info/requires.txt
[0.873s] writing top-level names to build/perception_pkg/perception_pkg.egg-info/top_level.txt
[0.876s] reading manifest file 'build/perception_pkg/perception_pkg.egg-info/SOURCES.txt'
[0.878s] writing manifest file 'build/perception_pkg/perception_pkg.egg-info/SOURCES.txt'
[0.878s] running build
[0.878s] running build_py
[0.879s] copying perception_pkg/calibracion_oak_final.py -> /home/palopezw/TitoSync/ros2_ws/src/perception_pkg/build/perception_pkg/build/lib/perception_pkg
[0.880s] running install
[0.881s] running install_lib
[0.883s] copying /home/palopezw/TitoSync/ros2_ws/src/perception_pkg/build/perception_pkg/build/lib/perception_pkg/calibracion_oak_final.py -> /home/palopezw/TitoSync/ros2_ws/src/perception_pkg/install/perception_pkg/lib/python3.10/site-packages/perception_pkg
[0.884s] byte-compiling /home/palopezw/TitoSync/ros2_ws/src/perception_pkg/install/perception_pkg/lib/python3.10/site-packages/perception_pkg/calibracion_oak_final.py to calibracion_oak_final.cpython-310.pyc
[0.887s] running install_data
[0.887s] running install_egg_info
[0.889s] removing '/home/palopezw/TitoSync/ros2_ws/src/perception_pkg/install/perception_pkg/lib/python3.10/site-packages/perception_pkg-0.0.0-py3.10.egg-info' (and everything under it)
[0.889s] Copying build/perception_pkg/perception_pkg.egg-info to /home/palopezw/TitoSync/ros2_ws/src/perception_pkg/install/perception_pkg/lib/python3.10/site-packages/perception_pkg-0.0.0-py3.10.egg-info
[0.891s] running install_scripts
[0.913s] Installing camara script to /home/palopezw/TitoSync/ros2_ws/src/perception_pkg/install/perception_pkg/lib/perception_pkg
[0.914s] writing list of installed files to '/home/palopezw/TitoSync/ros2_ws/src/perception_pkg/build/perception_pkg/install.log'
[0.934s] Invoked command in '/home/palopezw/TitoSync/ros2_ws/src/perception_pkg' returned '0': PYTHONPATH=/home/palopezw/TitoSync/ros2_ws/src/perception_pkg/build/perception_pkg/prefix_override:/usr/lib/python3/dist-packages/colcon_core/task/python/colcon_distutils_commands:/home/palopezw/TitoSync/ros2_ws/src/perception_pkg/install/perception_pkg/lib/python3.10/site-packages:${PYTHONPATH} /usr/bin/python3 -W ignore:setup.py install is deprecated -W ignore:easy_install command is deprecated setup.py egg_info --egg-base build/perception_pkg build --build-base /home/palopezw/TitoSync/ros2_ws/src/perception_pkg/build/perception_pkg/build install --record /home/palopezw/TitoSync/ros2_ws/src/perception_pkg/build/perception_pkg/install.log --single-version-externally-managed install_data
