[0.975s] Invoking command in '/home/palopezw/TitoSync/ros2_ws/src/perception_pkg': PYTHONPATH=/home/palopezw/TitoSync/ros2_ws/src/perception_pkg/build/perception_pkg/prefix_override:/usr/lib/python3/dist-packages/colcon_core/task/python/colcon_distutils_commands:/home/palopezw/TitoSync/ros2_ws/src/perception_pkg/install/perception_pkg/lib/python3.10/site-packages:${PYTHONPATH} /usr/bin/python3 -W ignore:setup.py install is deprecated -W ignore:easy_install command is deprecated setup.py egg_info --egg-base build/perception_pkg build --build-base /home/palopezw/TitoSync/ros2_ws/src/perception_pkg/build/perception_pkg/build install --record /home/palopezw/TitoSync/ros2_ws/src/perception_pkg/build/perception_pkg/install.log --single-version-externally-managed install_data
[1.219s] running egg_info
[1.219s] writing build/perception_pkg/perception_pkg.egg-info/PKG-INFO
[1.220s] writing dependency_links to build/perception_pkg/perception_pkg.egg-info/dependency_links.txt
[1.220s] writing entry points to build/perception_pkg/perception_pkg.egg-info/entry_points.txt
[1.220s] writing requirements to build/perception_pkg/perception_pkg.egg-info/requires.txt
[1.220s] writing top-level names to build/perception_pkg/perception_pkg.egg-info/top_level.txt
[1.224s] reading manifest file 'build/perception_pkg/perception_pkg.egg-info/SOURCES.txt'
[1.226s] writing manifest file 'build/perception_pkg/perception_pkg.egg-info/SOURCES.txt'
[1.226s] running build
[1.226s] running build_py
[1.226s] copying perception_pkg/camara.py -> /home/palopezw/TitoSync/ros2_ws/src/perception_pkg/build/perception_pkg/build/lib/perception_pkg
[1.227s] running install
[1.227s] running install_lib
[1.229s] copying /home/palopezw/TitoSync/ros2_ws/src/perception_pkg/build/perception_pkg/build/lib/perception_pkg/camara.py -> /home/palopezw/TitoSync/ros2_ws/src/perception_pkg/install/perception_pkg/lib/python3.10/site-packages/perception_pkg
[1.230s] byte-compiling /home/palopezw/TitoSync/ros2_ws/src/perception_pkg/install/perception_pkg/lib/python3.10/site-packages/perception_pkg/camara.py to camara.cpython-310.pyc
[1.232s] running install_data
[1.232s] copying perception_pkg/valores_lower_upper_refpoint.txt -> /home/palopezw/TitoSync/ros2_ws/src/perception_pkg/install/perception_pkg/share/perception_pkg
[1.233s] running install_egg_info
[1.236s] removing '/home/palopezw/TitoSync/ros2_ws/src/perception_pkg/install/perception_pkg/lib/python3.10/site-packages/perception_pkg-0.0.0-py3.10.egg-info' (and everything under it)
[1.236s] Copying build/perception_pkg/perception_pkg.egg-info to /home/palopezw/TitoSync/ros2_ws/src/perception_pkg/install/perception_pkg/lib/python3.10/site-packages/perception_pkg-0.0.0-py3.10.egg-info
[1.238s] running install_scripts
[1.264s] Installing camara script to /home/palopezw/TitoSync/ros2_ws/src/perception_pkg/install/perception_pkg/lib/perception_pkg
[1.264s] writing list of installed files to '/home/palopezw/TitoSync/ros2_ws/src/perception_pkg/build/perception_pkg/install.log'
[1.287s] Invoked command in '/home/palopezw/TitoSync/ros2_ws/src/perception_pkg' returned '0': PYTHONPATH=/home/palopezw/TitoSync/ros2_ws/src/perception_pkg/build/perception_pkg/prefix_override:/usr/lib/python3/dist-packages/colcon_core/task/python/colcon_distutils_commands:/home/palopezw/TitoSync/ros2_ws/src/perception_pkg/install/perception_pkg/lib/python3.10/site-packages:${PYTHONPATH} /usr/bin/python3 -W ignore:setup.py install is deprecated -W ignore:easy_install command is deprecated setup.py egg_info --egg-base build/perception_pkg build --build-base /home/palopezw/TitoSync/ros2_ws/src/perception_pkg/build/perception_pkg/build install --record /home/palopezw/TitoSync/ros2_ws/src/perception_pkg/build/perception_pkg/install.log --single-version-externally-managed install_data
