running egg_info
creating ../build/coms_pkg/coms_pkg.egg-info
writing ../build/coms_pkg/coms_pkg.egg-info/PKG-INFO
writing dependency_links to ../build/coms_pkg/coms_pkg.egg-info/dependency_links.txt
writing entry points to ../build/coms_pkg/coms_pkg.egg-info/entry_points.txt
writing requirements to ../build/coms_pkg/coms_pkg.egg-info/requires.txt
writing top-level names to ../build/coms_pkg/coms_pkg.egg-info/top_level.txt
writing manifest file '../build/coms_pkg/coms_pkg.egg-info/SOURCES.txt'
reading manifest file '../build/coms_pkg/coms_pkg.egg-info/SOURCES.txt'
writing manifest file '../build/coms_pkg/coms_pkg.egg-info/SOURCES.txt'
running build
running build_py
creating /home/palopezw/TitoSync/ros2_ws/src/build/coms_pkg/build
creating /home/palopezw/TitoSync/ros2_ws/src/build/coms_pkg/build/lib
creating /home/palopezw/TitoSync/ros2_ws/src/build/coms_pkg/build/lib/coms_pkg
copying coms_pkg/__init__.py -> /home/palopezw/TitoSync/ros2_ws/src/build/coms_pkg/build/lib/coms_pkg
copying coms_pkg/coms.py -> /home/palopezw/TitoSync/ros2_ws/src/build/coms_pkg/build/lib/coms_pkg
running install
running install_lib
creating /home/palopezw/TitoSync/ros2_ws/src/install/coms_pkg/lib/python3.10/site-packages/coms_pkg
copying /home/palopezw/TitoSync/ros2_ws/src/build/coms_pkg/build/lib/coms_pkg/__init__.py -> /home/palopezw/TitoSync/ros2_ws/src/install/coms_pkg/lib/python3.10/site-packages/coms_pkg
copying /home/palopezw/TitoSync/ros2_ws/src/build/coms_pkg/build/lib/coms_pkg/coms.py -> /home/palopezw/TitoSync/ros2_ws/src/install/coms_pkg/lib/python3.10/site-packages/coms_pkg
byte-compiling /home/palopezw/TitoSync/ros2_ws/src/install/coms_pkg/lib/python3.10/site-packages/coms_pkg/__init__.py to __init__.cpython-310.pyc
byte-compiling /home/palopezw/TitoSync/ros2_ws/src/install/coms_pkg/lib/python3.10/site-packages/coms_pkg/coms.py to coms.cpython-310.pyc
running install_data
creating /home/palopezw/TitoSync/ros2_ws/src/install/coms_pkg/share/ament_index
creating /home/palopezw/TitoSync/ros2_ws/src/install/coms_pkg/share/ament_index/resource_index
creating /home/palopezw/TitoSync/ros2_ws/src/install/coms_pkg/share/ament_index/resource_index/packages
copying resource/coms_pkg -> /home/palopezw/TitoSync/ros2_ws/src/install/coms_pkg/share/ament_index/resource_index/packages
copying package.xml -> /home/palopezw/TitoSync/ros2_ws/src/install/coms_pkg/share/coms_pkg
running install_egg_info
Copying ../build/coms_pkg/coms_pkg.egg-info to /home/palopezw/TitoSync/ros2_ws/src/install/coms_pkg/lib/python3.10/site-packages/coms_pkg-0.0.0-py3.10.egg-info
running install_scripts
Installing coms script to /home/palopezw/TitoSync/ros2_ws/src/install/coms_pkg/lib/coms_pkg
writing list of installed files to '/home/palopezw/TitoSync/ros2_ws/src/build/coms_pkg/install.log'
