[1.521s] Invoking command in '/home/palopezw/TitoSync/ros2_ws/src/coms_pkg': PYTHONPATH=/home/palopezw/TitoSync/ros2_ws/src/build/coms_pkg/prefix_override:/usr/lib/python3/dist-packages/colcon_core/task/python/colcon_distutils_commands:/home/palopezw/TitoSync/ros2_ws/src/install/coms_pkg/lib/python3.10/site-packages:${PYTHONPATH} /usr/bin/python3 -W ignore:setup.py install is deprecated -W ignore:easy_install command is deprecated setup.py egg_info --egg-base ../build/coms_pkg build --build-base /home/palopezw/TitoSync/ros2_ws/src/build/coms_pkg/build install --record /home/palopezw/TitoSync/ros2_ws/src/build/coms_pkg/install.log --single-version-externally-managed install_data
[1.900s] running egg_info
[1.901s] creating ../build/coms_pkg/coms_pkg.egg-info
[1.902s] writing ../build/coms_pkg/coms_pkg.egg-info/PKG-INFO
[1.903s] writing dependency_links to ../build/coms_pkg/coms_pkg.egg-info/dependency_links.txt
[1.903s] writing entry points to ../build/coms_pkg/coms_pkg.egg-info/entry_points.txt
[1.903s] writing requirements to ../build/coms_pkg/coms_pkg.egg-info/requires.txt
[1.904s] writing top-level names to ../build/coms_pkg/coms_pkg.egg-info/top_level.txt
[1.904s] writing manifest file '../build/coms_pkg/coms_pkg.egg-info/SOURCES.txt'
[1.907s] reading manifest file '../build/coms_pkg/coms_pkg.egg-info/SOURCES.txt'
[1.908s] writing manifest file '../build/coms_pkg/coms_pkg.egg-info/SOURCES.txt'
[1.908s] running build
[1.909s] running build_py
[1.909s] creating /home/palopezw/TitoSync/ros2_ws/src/build/coms_pkg/build
[1.909s] creating /home/palopezw/TitoSync/ros2_ws/src/build/coms_pkg/build/lib
[1.910s] creating /home/palopezw/TitoSync/ros2_ws/src/build/coms_pkg/build/lib/coms_pkg
[1.910s] copying coms_pkg/__init__.py -> /home/palopezw/TitoSync/ros2_ws/src/build/coms_pkg/build/lib/coms_pkg
[1.911s] copying coms_pkg/coms.py -> /home/palopezw/TitoSync/ros2_ws/src/build/coms_pkg/build/lib/coms_pkg
[1.912s] running install
[1.912s] running install_lib
[1.914s] creating /home/palopezw/TitoSync/ros2_ws/src/install/coms_pkg/lib/python3.10/site-packages/coms_pkg
[1.914s] copying /home/palopezw/TitoSync/ros2_ws/src/build/coms_pkg/build/lib/coms_pkg/__init__.py -> /home/palopezw/TitoSync/ros2_ws/src/install/coms_pkg/lib/python3.10/site-packages/coms_pkg
[1.915s] copying /home/palopezw/TitoSync/ros2_ws/src/build/coms_pkg/build/lib/coms_pkg/coms.py -> /home/palopezw/TitoSync/ros2_ws/src/install/coms_pkg/lib/python3.10/site-packages/coms_pkg
[1.916s] byte-compiling /home/palopezw/TitoSync/ros2_ws/src/install/coms_pkg/lib/python3.10/site-packages/coms_pkg/__init__.py to __init__.cpython-310.pyc
[1.917s] byte-compiling /home/palopezw/TitoSync/ros2_ws/src/install/coms_pkg/lib/python3.10/site-packages/coms_pkg/coms.py to coms.cpython-310.pyc
[1.918s] running install_data
[1.919s] creating /home/palopezw/TitoSync/ros2_ws/src/install/coms_pkg/share/ament_index
[1.919s] creating /home/palopezw/TitoSync/ros2_ws/src/install/coms_pkg/share/ament_index/resource_index
[1.919s] creating /home/palopezw/TitoSync/ros2_ws/src/install/coms_pkg/share/ament_index/resource_index/packages
[1.920s] copying resource/coms_pkg -> /home/palopezw/TitoSync/ros2_ws/src/install/coms_pkg/share/ament_index/resource_index/packages
[1.920s] copying package.xml -> /home/palopezw/TitoSync/ros2_ws/src/install/coms_pkg/share/coms_pkg
[1.920s] running install_egg_info
[1.923s] Copying ../build/coms_pkg/coms_pkg.egg-info to /home/palopezw/TitoSync/ros2_ws/src/install/coms_pkg/lib/python3.10/site-packages/coms_pkg-0.0.0-py3.10.egg-info
[1.925s] running install_scripts
[1.979s] Installing coms script to /home/palopezw/TitoSync/ros2_ws/src/install/coms_pkg/lib/coms_pkg
[1.980s] writing list of installed files to '/home/palopezw/TitoSync/ros2_ws/src/build/coms_pkg/install.log'
[2.015s] Invoked command in '/home/palopezw/TitoSync/ros2_ws/src/coms_pkg' returned '0': PYTHONPATH=/home/palopezw/TitoSync/ros2_ws/src/build/coms_pkg/prefix_override:/usr/lib/python3/dist-packages/colcon_core/task/python/colcon_distutils_commands:/home/palopezw/TitoSync/ros2_ws/src/install/coms_pkg/lib/python3.10/site-packages:${PYTHONPATH} /usr/bin/python3 -W ignore:setup.py install is deprecated -W ignore:easy_install command is deprecated setup.py egg_info --egg-base ../build/coms_pkg build --build-base /home/palopezw/TitoSync/ros2_ws/src/build/coms_pkg/build install --record /home/palopezw/TitoSync/ros2_ws/src/build/coms_pkg/install.log --single-version-externally-managed install_data
