[1.498s] Invoking command in '/home/palopezw/TitoSync/ros2_ws/src/control_pkg': PYTHONPATH=/home/palopezw/TitoSync/ros2_ws/src/build/control_pkg/prefix_override:/usr/lib/python3/dist-packages/colcon_core/task/python/colcon_distutils_commands:/home/palopezw/TitoSync/ros2_ws/src/install/control_pkg/lib/python3.10/site-packages:${PYTHONPATH} /usr/bin/python3 -W ignore:setup.py install is deprecated -W ignore:easy_install command is deprecated setup.py egg_info --egg-base ../build/control_pkg build --build-base /home/palopezw/TitoSync/ros2_ws/src/build/control_pkg/build install --record /home/palopezw/TitoSync/ros2_ws/src/build/control_pkg/install.log --single-version-externally-managed install_data
[1.852s] running egg_info
[1.853s] creating ../build/control_pkg/control_pkg.egg-info
[1.854s] writing ../build/control_pkg/control_pkg.egg-info/PKG-INFO
[1.854s] writing dependency_links to ../build/control_pkg/control_pkg.egg-info/dependency_links.txt
[1.854s] writing entry points to ../build/control_pkg/control_pkg.egg-info/entry_points.txt
[1.855s] writing requirements to ../build/control_pkg/control_pkg.egg-info/requires.txt
[1.855s] writing top-level names to ../build/control_pkg/control_pkg.egg-info/top_level.txt
[1.855s] writing manifest file '../build/control_pkg/control_pkg.egg-info/SOURCES.txt'
[1.859s] reading manifest file '../build/control_pkg/control_pkg.egg-info/SOURCES.txt'
[1.861s] writing manifest file '../build/control_pkg/control_pkg.egg-info/SOURCES.txt'
[1.861s] running build
[1.862s] running build_py
[1.862s] creating /home/palopezw/TitoSync/ros2_ws/src/build/control_pkg/build
[1.863s] creating /home/palopezw/TitoSync/ros2_ws/src/build/control_pkg/build/lib
[1.863s] creating /home/palopezw/TitoSync/ros2_ws/src/build/control_pkg/build/lib/control_pkg
[1.863s] copying control_pkg/__init__.py -> /home/palopezw/TitoSync/ros2_ws/src/build/control_pkg/build/lib/control_pkg
[1.863s] copying control_pkg/control.py -> /home/palopezw/TitoSync/ros2_ws/src/build/control_pkg/build/lib/control_pkg
[1.864s] running install
[1.865s] running install_lib
[1.866s] creating /home/palopezw/TitoSync/ros2_ws/src/install/control_pkg/lib/python3.10/site-packages/control_pkg
[1.866s] copying /home/palopezw/TitoSync/ros2_ws/src/build/control_pkg/build/lib/control_pkg/__init__.py -> /home/palopezw/TitoSync/ros2_ws/src/install/control_pkg/lib/python3.10/site-packages/control_pkg
[1.866s] copying /home/palopezw/TitoSync/ros2_ws/src/build/control_pkg/build/lib/control_pkg/control.py -> /home/palopezw/TitoSync/ros2_ws/src/install/control_pkg/lib/python3.10/site-packages/control_pkg
[1.867s] byte-compiling /home/palopezw/TitoSync/ros2_ws/src/install/control_pkg/lib/python3.10/site-packages/control_pkg/__init__.py to __init__.cpython-310.pyc
[1.867s] byte-compiling /home/palopezw/TitoSync/ros2_ws/src/install/control_pkg/lib/python3.10/site-packages/control_pkg/control.py to control.cpython-310.pyc
[1.868s] running install_data
[1.868s] creating /home/palopezw/TitoSync/ros2_ws/src/install/control_pkg/share/ament_index
[1.868s] creating /home/palopezw/TitoSync/ros2_ws/src/install/control_pkg/share/ament_index/resource_index
[1.868s] creating /home/palopezw/TitoSync/ros2_ws/src/install/control_pkg/share/ament_index/resource_index/packages
[1.869s] copying resource/control_pkg -> /home/palopezw/TitoSync/ros2_ws/src/install/control_pkg/share/ament_index/resource_index/packages
[1.869s] copying package.xml -> /home/palopezw/TitoSync/ros2_ws/src/install/control_pkg/share/control_pkg
[1.869s] running install_egg_info
[1.872s] Copying ../build/control_pkg/control_pkg.egg-info to /home/palopezw/TitoSync/ros2_ws/src/install/control_pkg/lib/python3.10/site-packages/control_pkg-0.0.0-py3.10.egg-info
[1.873s] running install_scripts
[1.907s] Installing control script to /home/palopezw/TitoSync/ros2_ws/src/install/control_pkg/lib/control_pkg
[1.908s] writing list of installed files to '/home/palopezw/TitoSync/ros2_ws/src/build/control_pkg/install.log'
[1.961s] Invoked command in '/home/palopezw/TitoSync/ros2_ws/src/control_pkg' returned '0': PYTHONPATH=/home/palopezw/TitoSync/ros2_ws/src/build/control_pkg/prefix_override:/usr/lib/python3/dist-packages/colcon_core/task/python/colcon_distutils_commands:/home/palopezw/TitoSync/ros2_ws/src/install/control_pkg/lib/python3.10/site-packages:${PYTHONPATH} /usr/bin/python3 -W ignore:setup.py install is deprecated -W ignore:easy_install command is deprecated setup.py egg_info --egg-base ../build/control_pkg build --build-base /home/palopezw/TitoSync/ros2_ws/src/build/control_pkg/build install --record /home/palopezw/TitoSync/ros2_ws/src/build/control_pkg/install.log --single-version-externally-managed install_data
