[1.615s] Invoking command in '/home/palopezw/TitoSync/ros2_ws/src/control_pkg': PYTHONPATH=/home/palopezw/TitoSync/ros2_ws/src/build/control_pkg/prefix_override:/usr/lib/python3/dist-packages/colcon_core/task/python/colcon_distutils_commands:/home/palopezw/TitoSync/ros2_ws/src/install/control_pkg/lib/python3.10/site-packages:${PYTHONPATH} /usr/bin/python3 -W ignore:setup.py install is deprecated -W ignore:easy_install command is deprecated setup.py egg_info --egg-base ../build/control_pkg build --build-base /home/palopezw/TitoSync/ros2_ws/src/build/control_pkg/build install --record /home/palopezw/TitoSync/ros2_ws/src/build/control_pkg/install.log --single-version-externally-managed install_data
[1.925s] running egg_info
[1.926s] writing ../build/control_pkg/control_pkg.egg-info/PKG-INFO
[1.926s] writing dependency_links to ../build/control_pkg/control_pkg.egg-info/dependency_links.txt
[1.927s] writing entry points to ../build/control_pkg/control_pkg.egg-info/entry_points.txt
[1.927s] writing requirements to ../build/control_pkg/control_pkg.egg-info/requires.txt
[1.927s] writing top-level names to ../build/control_pkg/control_pkg.egg-info/top_level.txt
[1.945s] reading manifest file '../build/control_pkg/control_pkg.egg-info/SOURCES.txt'
[1.946s] writing manifest file '../build/control_pkg/control_pkg.egg-info/SOURCES.txt'
[1.947s] running build
[1.947s] running build_py
[1.947s] running install
[1.948s] running install_lib
[1.951s] running install_data
[1.952s] running install_egg_info
[1.954s] removing '/home/palopezw/TitoSync/ros2_ws/src/install/control_pkg/lib/python3.10/site-packages/control_pkg-0.0.0-py3.10.egg-info' (and everything under it)
[1.956s] Copying ../build/control_pkg/control_pkg.egg-info to /home/palopezw/TitoSync/ros2_ws/src/install/control_pkg/lib/python3.10/site-packages/control_pkg-0.0.0-py3.10.egg-info
[1.958s] running install_scripts
[1.995s] Installing control script to /home/palopezw/TitoSync/ros2_ws/src/install/control_pkg/lib/control_pkg
[1.995s] writing list of installed files to '/home/palopezw/TitoSync/ros2_ws/src/build/control_pkg/install.log'
[2.031s] Invoked command in '/home/palopezw/TitoSync/ros2_ws/src/control_pkg' returned '0': PYTHONPATH=/home/palopezw/TitoSync/ros2_ws/src/build/control_pkg/prefix_override:/usr/lib/python3/dist-packages/colcon_core/task/python/colcon_distutils_commands:/home/palopezw/TitoSync/ros2_ws/src/install/control_pkg/lib/python3.10/site-packages:${PYTHONPATH} /usr/bin/python3 -W ignore:setup.py install is deprecated -W ignore:easy_install command is deprecated setup.py egg_info --egg-base ../build/control_pkg build --build-base /home/palopezw/TitoSync/ros2_ws/src/build/control_pkg/build install --record /home/palopezw/TitoSync/ros2_ws/src/build/control_pkg/install.log --single-version-externally-managed install_data
