[0.164s] DEBUG:colcon:Command line arguments: ['/usr/bin/colcon', 'build']
[0.164s] DEBUG:colcon:Parsed command line arguments: Namespace(log_base=None, log_level=None, verb_name='build', build_base='build', install_base='install', merge_install=False, symlink_install=False, test_result_base=None, continue_on_error=False, executor='parallel', parallel_workers=8, event_handlers=None, ignore_user_meta=False, metas=['./colcon.meta'], base_paths=['.'], packages_ignore=None, packages_ignore_regex=None, paths=None, packages_up_to=None, packages_up_to_regex=None, packages_above=None, packages_above_and_dependencies=None, packages_above_depth=None, packages_select_by_dep=None, packages_skip_by_dep=None, packages_skip_up_to=None, packages_select_build_failed=False, packages_skip_build_finished=False, packages_select_test_failures=False, packages_skip_test_passed=False, packages_select=None, packages_skip=None, packages_select_regex=None, packages_skip_regex=None, packages_start=None, packages_end=None, allow_overriding=[], cmake_args=None, cmake_target=None, cmake_target_skip_unavailable=False, cmake_clean_cache=False, cmake_clean_first=False, cmake_force_configure=False, ament_cmake_args=None, catkin_cmake_args=None, catkin_skip_building_tests=False, verb_parser=<colcon_defaults.argument_parser.defaults.DefaultArgumentsDecorator object at 0x7883d78e7400>, verb_extension=<colcon_core.verb.build.BuildVerb object at 0x7883d78e6ef0>, main=<bound method BuildVerb.main of <colcon_core.verb.build.BuildVerb object at 0x7883d78e6ef0>>)
[0.309s] Level 1:colcon.colcon_core.package_discovery:discover_packages(colcon_meta) check parameters
[0.309s] Level 1:colcon.colcon_core.package_discovery:discover_packages(recursive) check parameters
[0.309s] Level 1:colcon.colcon_core.package_discovery:discover_packages(ignore) check parameters
[0.309s] Level 1:colcon.colcon_core.package_discovery:discover_packages(path) check parameters
[0.309s] Level 1:colcon.colcon_core.package_discovery:discover_packages(colcon_meta) discover
[0.309s] Level 1:colcon.colcon_core.package_discovery:discover_packages(recursive) discover
[0.309s] INFO:colcon.colcon_core.package_discovery:Crawling recursively for packages in '/home/palopezw/TitoSync/ros2_ws/src'
[0.309s] Level 1:colcon.colcon_core.package_identification:_identify(.) by extensions ['ignore', 'ignore_ament_install']
[0.310s] Level 1:colcon.colcon_core.package_identification:_identify(.) by extension 'ignore'
[0.310s] Level 1:colcon.colcon_core.package_identification:_identify(.) by extension 'ignore_ament_install'
[0.310s] Level 1:colcon.colcon_core.package_identification:_identify(.) by extensions ['colcon_pkg']
[0.310s] Level 1:colcon.colcon_core.package_identification:_identify(.) by extension 'colcon_pkg'
[0.310s] Level 1:colcon.colcon_core.package_identification:_identify(.) by extensions ['colcon_meta']
[0.310s] Level 1:colcon.colcon_core.package_identification:_identify(.) by extension 'colcon_meta'
[0.310s] Level 1:colcon.colcon_core.package_identification:_identify(.) by extensions ['ros']
[0.310s] Level 1:colcon.colcon_core.package_identification:_identify(.) by extension 'ros'
[0.322s] Level 1:colcon.colcon_core.package_identification:_identify(.) by extensions ['cmake', 'python']
[0.322s] Level 1:colcon.colcon_core.package_identification:_identify(.) by extension 'cmake'
[0.322s] Level 1:colcon.colcon_core.package_identification:_identify(.) by extension 'python'
[0.322s] Level 1:colcon.colcon_core.package_identification:_identify(.) by extensions ['python_setup_py']
[0.322s] Level 1:colcon.colcon_core.package_identification:_identify(.) by extension 'python_setup_py'
[0.322s] Level 1:colcon.colcon_core.package_identification:_identify(build) by extensions ['ignore', 'ignore_ament_install']
[0.322s] Level 1:colcon.colcon_core.package_identification:_identify(build) by extension 'ignore'
[0.322s] Level 1:colcon.colcon_core.package_identification:_identify(build) ignored
[0.323s] Level 1:colcon.colcon_core.package_identification:_identify(coms_pkg) by extensions ['ignore', 'ignore_ament_install']
[0.323s] Level 1:colcon.colcon_core.package_identification:_identify(coms_pkg) by extension 'ignore'
[0.323s] Level 1:colcon.colcon_core.package_identification:_identify(coms_pkg) by extension 'ignore_ament_install'
[0.324s] Level 1:colcon.colcon_core.package_identification:_identify(coms_pkg) by extensions ['colcon_pkg']
[0.324s] Level 1:colcon.colcon_core.package_identification:_identify(coms_pkg) by extension 'colcon_pkg'
[0.324s] Level 1:colcon.colcon_core.package_identification:_identify(coms_pkg) by extensions ['colcon_meta']
[0.324s] Level 1:colcon.colcon_core.package_identification:_identify(coms_pkg) by extension 'colcon_meta'
[0.324s] Level 1:colcon.colcon_core.package_identification:_identify(coms_pkg) by extensions ['ros']
[0.324s] Level 1:colcon.colcon_core.package_identification:_identify(coms_pkg) by extension 'ros'
[0.328s] DEBUG:colcon.colcon_core.package_identification:Package 'coms_pkg' with type 'ros.ament_python' and name 'coms_pkg'
[0.329s] Level 1:colcon.colcon_core.package_identification:_identify(control_pkg) by extensions ['ignore', 'ignore_ament_install']
[0.329s] Level 1:colcon.colcon_core.package_identification:_identify(control_pkg) by extension 'ignore'
[0.329s] Level 1:colcon.colcon_core.package_identification:_identify(control_pkg) by extension 'ignore_ament_install'
[0.329s] Level 1:colcon.colcon_core.package_identification:_identify(control_pkg) by extensions ['colcon_pkg']
[0.329s] Level 1:colcon.colcon_core.package_identification:_identify(control_pkg) by extension 'colcon_pkg'
[0.329s] Level 1:colcon.colcon_core.package_identification:_identify(control_pkg) by extensions ['colcon_meta']
[0.329s] Level 1:colcon.colcon_core.package_identification:_identify(control_pkg) by extension 'colcon_meta'
[0.329s] Level 1:colcon.colcon_core.package_identification:_identify(control_pkg) by extensions ['ros']
[0.329s] Level 1:colcon.colcon_core.package_identification:_identify(control_pkg) by extension 'ros'
[0.330s] DEBUG:colcon.colcon_core.package_identification:Package 'control_pkg' with type 'ros.ament_python' and name 'control_pkg'
[0.330s] Level 1:colcon.colcon_core.package_identification:_identify(install) by extensions ['ignore', 'ignore_ament_install']
[0.330s] Level 1:colcon.colcon_core.package_identification:_identify(install) by extension 'ignore'
[0.330s] Level 1:colcon.colcon_core.package_identification:_identify(install) ignored
[0.330s] Level 1:colcon.colcon_core.package_identification:_identify(log) by extensions ['ignore', 'ignore_ament_install']
[0.330s] Level 1:colcon.colcon_core.package_identification:_identify(log) by extension 'ignore'
[0.331s] Level 1:colcon.colcon_core.package_identification:_identify(log) ignored
[0.331s] Level 1:colcon.colcon_core.package_identification:_identify(perception_pkg) by extensions ['ignore', 'ignore_ament_install']
[0.331s] Level 1:colcon.colcon_core.package_identification:_identify(perception_pkg) by extension 'ignore'
[0.331s] Level 1:colcon.colcon_core.package_identification:_identify(perception_pkg) by extension 'ignore_ament_install'
[0.331s] Level 1:colcon.colcon_core.package_identification:_identify(perception_pkg) by extensions ['colcon_pkg']
[0.331s] Level 1:colcon.colcon_core.package_identification:_identify(perception_pkg) by extension 'colcon_pkg'
[0.331s] Level 1:colcon.colcon_core.package_identification:_identify(perception_pkg) by extensions ['colcon_meta']
[0.331s] Level 1:colcon.colcon_core.package_identification:_identify(perception_pkg) by extension 'colcon_meta'
[0.331s] Level 1:colcon.colcon_core.package_identification:_identify(perception_pkg) by extensions ['ros']
[0.331s] Level 1:colcon.colcon_core.package_identification:_identify(perception_pkg) by extension 'ros'
[0.333s] DEBUG:colcon.colcon_core.package_identification:Package 'perception_pkg' with type 'ros.ament_python' and name 'perception_pkg'
[0.333s] Level 1:colcon.colcon_core.package_discovery:discover_packages(recursive) using defaults
[0.333s] Level 1:colcon.colcon_core.package_discovery:discover_packages(ignore) discover
[0.333s] Level 1:colcon.colcon_core.package_discovery:discover_packages(ignore) using defaults
[0.333s] Level 1:colcon.colcon_core.package_discovery:discover_packages(path) discover
[0.333s] Level 1:colcon.colcon_core.package_discovery:discover_packages(path) using defaults
[0.358s] Level 1:colcon.colcon_core.package_discovery:discover_packages(prefix_path) check parameters
[0.358s] Level 1:colcon.colcon_core.package_discovery:discover_packages(prefix_path) discover
[0.359s] DEBUG:colcon.colcon_installed_package_information.package_discovery:Found 3 installed packages in /home/palopezw/TitoSync/ros2_ws/install
[0.360s] DEBUG:colcon.colcon_installed_package_information.package_discovery:Found 193 installed packages in /opt/ros/humble
[0.361s] Level 1:colcon.colcon_core.package_discovery:discover_packages(prefix_path) using defaults
[0.394s] Level 5:colcon.colcon_core.verb:set package 'coms_pkg' build argument 'cmake_args' from command line to 'None'
[0.394s] Level 5:colcon.colcon_core.verb:set package 'coms_pkg' build argument 'cmake_target' from command line to 'None'
[0.394s] Level 5:colcon.colcon_core.verb:set package 'coms_pkg' build argument 'cmake_target_skip_unavailable' from command line to 'False'
[0.394s] Level 5:colcon.colcon_core.verb:set package 'coms_pkg' build argument 'cmake_clean_cache' from command line to 'False'
[0.394s] Level 5:colcon.colcon_core.verb:set package 'coms_pkg' build argument 'cmake_clean_first' from command line to 'False'
[0.394s] Level 5:colcon.colcon_core.verb:set package 'coms_pkg' build argument 'cmake_force_configure' from command line to 'False'
[0.394s] Level 5:colcon.colcon_core.verb:set package 'coms_pkg' build argument 'ament_cmake_args' from command line to 'None'
[0.394s] Level 5:colcon.colcon_core.verb:set package 'coms_pkg' build argument 'catkin_cmake_args' from command line to 'None'
[0.394s] Level 5:colcon.colcon_core.verb:set package 'coms_pkg' build argument 'catkin_skip_building_tests' from command line to 'False'
[0.394s] DEBUG:colcon.colcon_core.verb:Building package 'coms_pkg' with the following arguments: {'ament_cmake_args': None, 'build_base': '/home/palopezw/TitoSync/ros2_ws/src/build/coms_pkg', 'catkin_cmake_args': None, 'catkin_skip_building_tests': False, 'cmake_args': None, 'cmake_clean_cache': False, 'cmake_clean_first': False, 'cmake_force_configure': False, 'cmake_target': None, 'cmake_target_skip_unavailable': False, 'install_base': '/home/palopezw/TitoSync/ros2_ws/src/install/coms_pkg', 'merge_install': False, 'path': '/home/palopezw/TitoSync/ros2_ws/src/coms_pkg', 'symlink_install': False, 'test_result_base': None}
[0.395s] Level 5:colcon.colcon_core.verb:set package 'control_pkg' build argument 'cmake_args' from command line to 'None'
[0.395s] Level 5:colcon.colcon_core.verb:set package 'control_pkg' build argument 'cmake_target' from command line to 'None'
[0.395s] Level 5:colcon.colcon_core.verb:set package 'control_pkg' build argument 'cmake_target_skip_unavailable' from command line to 'False'
[0.395s] Level 5:colcon.colcon_core.verb:set package 'control_pkg' build argument 'cmake_clean_cache' from command line to 'False'
[0.395s] Level 5:colcon.colcon_core.verb:set package 'control_pkg' build argument 'cmake_clean_first' from command line to 'False'
[0.395s] Level 5:colcon.colcon_core.verb:set package 'control_pkg' build argument 'cmake_force_configure' from command line to 'False'
[0.395s] Level 5:colcon.colcon_core.verb:set package 'control_pkg' build argument 'ament_cmake_args' from command line to 'None'
[0.395s] Level 5:colcon.colcon_core.verb:set package 'control_pkg' build argument 'catkin_cmake_args' from command line to 'None'
[0.395s] Level 5:colcon.colcon_core.verb:set package 'control_pkg' build argument 'catkin_skip_building_tests' from command line to 'False'
[0.395s] DEBUG:colcon.colcon_core.verb:Building package 'control_pkg' with the following arguments: {'ament_cmake_args': None, 'build_base': '/home/palopezw/TitoSync/ros2_ws/src/build/control_pkg', 'catkin_cmake_args': None, 'catkin_skip_building_tests': False, 'cmake_args': None, 'cmake_clean_cache': False, 'cmake_clean_first': False, 'cmake_force_configure': False, 'cmake_target': None, 'cmake_target_skip_unavailable': False, 'install_base': '/home/palopezw/TitoSync/ros2_ws/src/install/control_pkg', 'merge_install': False, 'path': '/home/palopezw/TitoSync/ros2_ws/src/control_pkg', 'symlink_install': False, 'test_result_base': None}
[0.395s] Level 5:colcon.colcon_core.verb:set package 'perception_pkg' build argument 'cmake_args' from command line to 'None'
[0.395s] Level 5:colcon.colcon_core.verb:set package 'perception_pkg' build argument 'cmake_target' from command line to 'None'
[0.395s] Level 5:colcon.colcon_core.verb:set package 'perception_pkg' build argument 'cmake_target_skip_unavailable' from command line to 'False'
[0.395s] Level 5:colcon.colcon_core.verb:set package 'perception_pkg' build argument 'cmake_clean_cache' from command line to 'False'
[0.395s] Level 5:colcon.colcon_core.verb:set package 'perception_pkg' build argument 'cmake_clean_first' from command line to 'False'
[0.395s] Level 5:colcon.colcon_core.verb:set package 'perception_pkg' build argument 'cmake_force_configure' from command line to 'False'
[0.395s] Level 5:colcon.colcon_core.verb:set package 'perception_pkg' build argument 'ament_cmake_args' from command line to 'None'
[0.395s] Level 5:colcon.colcon_core.verb:set package 'perception_pkg' build argument 'catkin_cmake_args' from command line to 'None'
[0.395s] Level 5:colcon.colcon_core.verb:set package 'perception_pkg' build argument 'catkin_skip_building_tests' from command line to 'False'
[0.395s] DEBUG:colcon.colcon_core.verb:Building package 'perception_pkg' with the following arguments: {'ament_cmake_args': None, 'build_base': '/home/palopezw/TitoSync/ros2_ws/src/build/perception_pkg', 'catkin_cmake_args': None, 'catkin_skip_building_tests': False, 'cmake_args': None, 'cmake_clean_cache': False, 'cmake_clean_first': False, 'cmake_force_configure': False, 'cmake_target': None, 'cmake_target_skip_unavailable': False, 'install_base': '/home/palopezw/TitoSync/ros2_ws/src/install/perception_pkg', 'merge_install': False, 'path': '/home/palopezw/TitoSync/ros2_ws/src/perception_pkg', 'symlink_install': False, 'test_result_base': None}
[0.396s] INFO:colcon.colcon_core.executor:Executing jobs using 'parallel' executor
[0.397s] DEBUG:colcon.colcon_parallel_executor.executor.parallel:run_until_complete
[0.398s] INFO:colcon.colcon_ros.task.ament_python.build:Building ROS package in '/home/palopezw/TitoSync/ros2_ws/src/coms_pkg' with build type 'ament_python'
[0.398s] Level 1:colcon.colcon_core.shell:create_environment_hook('coms_pkg', 'ament_prefix_path')
[0.400s] INFO:colcon.colcon_core.plugin_system:Skipping extension 'colcon_core.shell.bat': Not used on non-Windows systems
[0.400s] INFO:colcon.colcon_core.shell:Creating environment hook '/home/palopezw/TitoSync/ros2_ws/src/install/coms_pkg/share/coms_pkg/hook/ament_prefix_path.ps1'
[0.402s] INFO:colcon.colcon_core.shell:Creating environment descriptor '/home/palopezw/TitoSync/ros2_ws/src/install/coms_pkg/share/coms_pkg/hook/ament_prefix_path.dsv'
[0.403s] INFO:colcon.colcon_core.shell:Creating environment hook '/home/palopezw/TitoSync/ros2_ws/src/install/coms_pkg/share/coms_pkg/hook/ament_prefix_path.sh'
[0.405s] INFO:colcon.colcon_core.shell:Skip shell extension 'powershell' for command environment: Not usable outside of PowerShell
[0.405s] DEBUG:colcon.colcon_core.shell:Skip shell extension 'dsv' for command environment
[0.408s] INFO:colcon.colcon_ros.task.ament_python.build:Building ROS package in '/home/palopezw/TitoSync/ros2_ws/src/control_pkg' with build type 'ament_python'
[0.408s] Level 1:colcon.colcon_core.shell:create_environment_hook('control_pkg', 'ament_prefix_path')
[0.409s] INFO:colcon.colcon_core.shell:Creating environment hook '/home/palopezw/TitoSync/ros2_ws/src/install/control_pkg/share/control_pkg/hook/ament_prefix_path.ps1'
[0.411s] INFO:colcon.colcon_core.shell:Creating environment descriptor '/home/palopezw/TitoSync/ros2_ws/src/install/control_pkg/share/control_pkg/hook/ament_prefix_path.dsv'
[0.411s] INFO:colcon.colcon_core.shell:Creating environment hook '/home/palopezw/TitoSync/ros2_ws/src/install/control_pkg/share/control_pkg/hook/ament_prefix_path.sh'
[0.412s] INFO:colcon.colcon_core.shell:Skip shell extension 'powershell' for command environment: Not usable outside of PowerShell
[0.412s] DEBUG:colcon.colcon_core.shell:Skip shell extension 'dsv' for command environment
[0.415s] INFO:colcon.colcon_ros.task.ament_python.build:Building ROS package in '/home/palopezw/TitoSync/ros2_ws/src/perception_pkg' with build type 'ament_python'
[0.415s] Level 1:colcon.colcon_core.shell:create_environment_hook('perception_pkg', 'ament_prefix_path')
[0.415s] INFO:colcon.colcon_core.shell:Creating environment hook '/home/palopezw/TitoSync/ros2_ws/src/install/perception_pkg/share/perception_pkg/hook/ament_prefix_path.ps1'
[0.416s] INFO:colcon.colcon_core.shell:Creating environment descriptor '/home/palopezw/TitoSync/ros2_ws/src/install/perception_pkg/share/perception_pkg/hook/ament_prefix_path.dsv'
[0.416s] INFO:colcon.colcon_core.shell:Creating environment hook '/home/palopezw/TitoSync/ros2_ws/src/install/perception_pkg/share/perception_pkg/hook/ament_prefix_path.sh'
[0.417s] INFO:colcon.colcon_core.shell:Skip shell extension 'powershell' for command environment: Not usable outside of PowerShell
[0.417s] DEBUG:colcon.colcon_core.shell:Skip shell extension 'dsv' for command environment
[0.653s] INFO:colcon.colcon_core.task.python.build:Building Python package in '/home/palopezw/TitoSync/ros2_ws/src/coms_pkg'
[0.654s] INFO:colcon.colcon_core.shell:Skip shell extension 'powershell' for command environment: Not usable outside of PowerShell
[0.654s] DEBUG:colcon.colcon_core.shell:Skip shell extension 'dsv' for command environment
[0.906s] INFO:colcon.colcon_core.task.python.build:Building Python package in '/home/palopezw/TitoSync/ros2_ws/src/control_pkg'
[0.906s] INFO:colcon.colcon_core.shell:Skip shell extension 'powershell' for command environment: Not usable outside of PowerShell
[0.906s] DEBUG:colcon.colcon_core.shell:Skip shell extension 'dsv' for command environment
[1.142s] INFO:colcon.colcon_core.task.python.build:Building Python package in '/home/palopezw/TitoSync/ros2_ws/src/perception_pkg'
[1.142s] INFO:colcon.colcon_core.shell:Skip shell extension 'powershell' for command environment: Not usable outside of PowerShell
[1.142s] DEBUG:colcon.colcon_core.shell:Skip shell extension 'dsv' for command environment
[1.910s] DEBUG:colcon.colcon_core.event_handler.log_command:Invoking command in '/home/palopezw/TitoSync/ros2_ws/src/control_pkg': PYTHONPATH=/home/palopezw/TitoSync/ros2_ws/src/build/control_pkg/prefix_override:/usr/lib/python3/dist-packages/colcon_core/task/python/colcon_distutils_commands:/home/palopezw/TitoSync/ros2_ws/src/install/control_pkg/lib/python3.10/site-packages:${PYTHONPATH} /usr/bin/python3 -W ignore:setup.py install is deprecated -W ignore:easy_install command is deprecated setup.py egg_info --egg-base ../build/control_pkg build --build-base /home/palopezw/TitoSync/ros2_ws/src/build/control_pkg/build install --record /home/palopezw/TitoSync/ros2_ws/src/build/control_pkg/install.log --single-version-externally-managed install_data
[1.915s] DEBUG:colcon.colcon_core.event_handler.log_command:Invoking command in '/home/palopezw/TitoSync/ros2_ws/src/perception_pkg': PYTHONPATH=/home/palopezw/TitoSync/ros2_ws/src/build/perception_pkg/prefix_override:/usr/lib/python3/dist-packages/colcon_core/task/python/colcon_distutils_commands:/home/palopezw/TitoSync/ros2_ws/src/install/perception_pkg/lib/python3.10/site-packages:${PYTHONPATH} /usr/bin/python3 -W ignore:setup.py install is deprecated -W ignore:easy_install command is deprecated setup.py egg_info --egg-base ../build/perception_pkg build --build-base /home/palopezw/TitoSync/ros2_ws/src/build/perception_pkg/build install --record /home/palopezw/TitoSync/ros2_ws/src/build/perception_pkg/install.log --single-version-externally-managed install_data
[1.921s] DEBUG:colcon.colcon_core.event_handler.log_command:Invoking command in '/home/palopezw/TitoSync/ros2_ws/src/coms_pkg': PYTHONPATH=/home/palopezw/TitoSync/ros2_ws/src/build/coms_pkg/prefix_override:/usr/lib/python3/dist-packages/colcon_core/task/python/colcon_distutils_commands:/home/palopezw/TitoSync/ros2_ws/src/install/coms_pkg/lib/python3.10/site-packages:${PYTHONPATH} /usr/bin/python3 -W ignore:setup.py install is deprecated -W ignore:easy_install command is deprecated setup.py egg_info --egg-base ../build/coms_pkg build --build-base /home/palopezw/TitoSync/ros2_ws/src/build/coms_pkg/build install --record /home/palopezw/TitoSync/ros2_ws/src/build/coms_pkg/install.log --single-version-externally-managed install_data
[2.370s] DEBUG:colcon.colcon_core.event_handler.log_command:Invoked command in '/home/palopezw/TitoSync/ros2_ws/src/control_pkg' returned '0': PYTHONPATH=/home/palopezw/TitoSync/ros2_ws/src/build/control_pkg/prefix_override:/usr/lib/python3/dist-packages/colcon_core/task/python/colcon_distutils_commands:/home/palopezw/TitoSync/ros2_ws/src/install/control_pkg/lib/python3.10/site-packages:${PYTHONPATH} /usr/bin/python3 -W ignore:setup.py install is deprecated -W ignore:easy_install command is deprecated setup.py egg_info --egg-base ../build/control_pkg build --build-base /home/palopezw/TitoSync/ros2_ws/src/build/control_pkg/build install --record /home/palopezw/TitoSync/ros2_ws/src/build/control_pkg/install.log --single-version-externally-managed install_data
[2.381s] Level 1:colcon.colcon_core.environment:checking '/home/palopezw/TitoSync/ros2_ws/src/install/control_pkg' for CMake module files
[2.382s] Level 1:colcon.colcon_core.environment:checking '/home/palopezw/TitoSync/ros2_ws/src/install/control_pkg' for CMake config files
[2.384s] Level 1:colcon.colcon_core.environment:checking '/home/palopezw/TitoSync/ros2_ws/src/install/control_pkg/lib'
[2.384s] Level 1:colcon.colcon_core.environment:checking '/home/palopezw/TitoSync/ros2_ws/src/install/control_pkg/bin'
[2.384s] Level 1:colcon.colcon_core.environment:checking '/home/palopezw/TitoSync/ros2_ws/src/install/control_pkg/lib/pkgconfig/control_pkg.pc'
[2.385s] Level 1:colcon.colcon_core.environment:checking '/home/palopezw/TitoSync/ros2_ws/src/install/control_pkg/lib/python3.10/site-packages'
[2.385s] Level 1:colcon.colcon_core.shell:create_environment_hook('control_pkg', 'pythonpath')
[2.385s] INFO:colcon.colcon_core.shell:Creating environment hook '/home/palopezw/TitoSync/ros2_ws/src/install/control_pkg/share/control_pkg/hook/pythonpath.ps1'
[2.386s] INFO:colcon.colcon_core.shell:Creating environment descriptor '/home/palopezw/TitoSync/ros2_ws/src/install/control_pkg/share/control_pkg/hook/pythonpath.dsv'
[2.386s] INFO:colcon.colcon_core.shell:Creating environment hook '/home/palopezw/TitoSync/ros2_ws/src/install/control_pkg/share/control_pkg/hook/pythonpath.sh'
[2.387s] Level 1:colcon.colcon_core.environment:checking '/home/palopezw/TitoSync/ros2_ws/src/install/control_pkg/bin'
[2.387s] Level 1:colcon.colcon_core.environment:create_environment_scripts_only(control_pkg)
[2.387s] INFO:colcon.colcon_core.shell:Creating package script '/home/palopezw/TitoSync/ros2_ws/src/install/control_pkg/share/control_pkg/package.ps1'
[2.389s] INFO:colcon.colcon_core.shell:Creating package descriptor '/home/palopezw/TitoSync/ros2_ws/src/install/control_pkg/share/control_pkg/package.dsv'
[2.391s] INFO:colcon.colcon_core.shell:Creating package script '/home/palopezw/TitoSync/ros2_ws/src/install/control_pkg/share/control_pkg/package.sh'
[2.393s] INFO:colcon.colcon_core.shell:Creating package script '/home/palopezw/TitoSync/ros2_ws/src/install/control_pkg/share/control_pkg/package.bash'
[2.394s] INFO:colcon.colcon_core.shell:Creating package script '/home/palopezw/TitoSync/ros2_ws/src/install/control_pkg/share/control_pkg/package.zsh'
[2.396s] Level 1:colcon.colcon_core.environment:create_file_with_runtime_dependencies(/home/palopezw/TitoSync/ros2_ws/src/install/control_pkg/share/colcon-core/packages/control_pkg)
[2.399s] Level 1:colcon.colcon_core.environment:checking '/home/palopezw/TitoSync/ros2_ws/src/install/perception_pkg' for CMake module files
[2.401s] DEBUG:colcon.colcon_core.event_handler.log_command:Invoked command in '/home/palopezw/TitoSync/ros2_ws/src/perception_pkg' returned '0': PYTHONPATH=/home/palopezw/TitoSync/ros2_ws/src/build/perception_pkg/prefix_override:/usr/lib/python3/dist-packages/colcon_core/task/python/colcon_distutils_commands:/home/palopezw/TitoSync/ros2_ws/src/install/perception_pkg/lib/python3.10/site-packages:${PYTHONPATH} /usr/bin/python3 -W ignore:setup.py install is deprecated -W ignore:easy_install command is deprecated setup.py egg_info --egg-base ../build/perception_pkg build --build-base /home/palopezw/TitoSync/ros2_ws/src/build/perception_pkg/build install --record /home/palopezw/TitoSync/ros2_ws/src/build/perception_pkg/install.log --single-version-externally-managed install_data
[2.401s] Level 1:colcon.colcon_core.environment:checking '/home/palopezw/TitoSync/ros2_ws/src/install/perception_pkg' for CMake config files
[2.402s] Level 1:colcon.colcon_core.environment:checking '/home/palopezw/TitoSync/ros2_ws/src/install/perception_pkg/lib'
[2.402s] Level 1:colcon.colcon_core.environment:checking '/home/palopezw/TitoSync/ros2_ws/src/install/perception_pkg/bin'
[2.402s] Level 1:colcon.colcon_core.environment:checking '/home/palopezw/TitoSync/ros2_ws/src/install/perception_pkg/lib/pkgconfig/perception_pkg.pc'
[2.402s] Level 1:colcon.colcon_core.environment:checking '/home/palopezw/TitoSync/ros2_ws/src/install/perception_pkg/lib/python3.10/site-packages'
[2.402s] Level 1:colcon.colcon_core.shell:create_environment_hook('perception_pkg', 'pythonpath')
[2.403s] INFO:colcon.colcon_core.shell:Creating environment hook '/home/palopezw/TitoSync/ros2_ws/src/install/perception_pkg/share/perception_pkg/hook/pythonpath.ps1'
[2.403s] INFO:colcon.colcon_core.shell:Creating environment descriptor '/home/palopezw/TitoSync/ros2_ws/src/install/perception_pkg/share/perception_pkg/hook/pythonpath.dsv'
[2.404s] INFO:colcon.colcon_core.shell:Creating environment hook '/home/palopezw/TitoSync/ros2_ws/src/install/perception_pkg/share/perception_pkg/hook/pythonpath.sh'
[2.404s] Level 1:colcon.colcon_core.environment:checking '/home/palopezw/TitoSync/ros2_ws/src/install/perception_pkg/bin'
[2.405s] Level 1:colcon.colcon_core.environment:create_environment_scripts_only(perception_pkg)
[2.405s] INFO:colcon.colcon_core.shell:Creating package script '/home/palopezw/TitoSync/ros2_ws/src/install/perception_pkg/share/perception_pkg/package.ps1'
[2.406s] INFO:colcon.colcon_core.shell:Creating package descriptor '/home/palopezw/TitoSync/ros2_ws/src/install/perception_pkg/share/perception_pkg/package.dsv'
[2.406s] INFO:colcon.colcon_core.shell:Creating package script '/home/palopezw/TitoSync/ros2_ws/src/install/perception_pkg/share/perception_pkg/package.sh'
[2.407s] INFO:colcon.colcon_core.shell:Creating package script '/home/palopezw/TitoSync/ros2_ws/src/install/perception_pkg/share/perception_pkg/package.bash'
[2.408s] INFO:colcon.colcon_core.shell:Creating package script '/home/palopezw/TitoSync/ros2_ws/src/install/perception_pkg/share/perception_pkg/package.zsh'
[2.408s] Level 1:colcon.colcon_core.environment:create_file_with_runtime_dependencies(/home/palopezw/TitoSync/ros2_ws/src/install/perception_pkg/share/colcon-core/packages/perception_pkg)
[2.413s] Level 1:colcon.colcon_core.environment:checking '/home/palopezw/TitoSync/ros2_ws/src/install/coms_pkg' for CMake module files
[2.414s] DEBUG:colcon.colcon_core.event_handler.log_command:Invoked command in '/home/palopezw/TitoSync/ros2_ws/src/coms_pkg' returned '0': PYTHONPATH=/home/palopezw/TitoSync/ros2_ws/src/build/coms_pkg/prefix_override:/usr/lib/python3/dist-packages/colcon_core/task/python/colcon_distutils_commands:/home/palopezw/TitoSync/ros2_ws/src/install/coms_pkg/lib/python3.10/site-packages:${PYTHONPATH} /usr/bin/python3 -W ignore:setup.py install is deprecated -W ignore:easy_install command is deprecated setup.py egg_info --egg-base ../build/coms_pkg build --build-base /home/palopezw/TitoSync/ros2_ws/src/build/coms_pkg/build install --record /home/palopezw/TitoSync/ros2_ws/src/build/coms_pkg/install.log --single-version-externally-managed install_data
[2.415s] Level 1:colcon.colcon_core.environment:checking '/home/palopezw/TitoSync/ros2_ws/src/install/coms_pkg' for CMake config files
[2.415s] Level 1:colcon.colcon_core.environment:checking '/home/palopezw/TitoSync/ros2_ws/src/install/coms_pkg/lib'
[2.415s] Level 1:colcon.colcon_core.environment:checking '/home/palopezw/TitoSync/ros2_ws/src/install/coms_pkg/bin'
[2.415s] Level 1:colcon.colcon_core.environment:checking '/home/palopezw/TitoSync/ros2_ws/src/install/coms_pkg/lib/pkgconfig/coms_pkg.pc'
[2.416s] Level 1:colcon.colcon_core.environment:checking '/home/palopezw/TitoSync/ros2_ws/src/install/coms_pkg/lib/python3.10/site-packages'
[2.416s] Level 1:colcon.colcon_core.shell:create_environment_hook('coms_pkg', 'pythonpath')
[2.416s] INFO:colcon.colcon_core.shell:Creating environment hook '/home/palopezw/TitoSync/ros2_ws/src/install/coms_pkg/share/coms_pkg/hook/pythonpath.ps1'
[2.417s] INFO:colcon.colcon_core.shell:Creating environment descriptor '/home/palopezw/TitoSync/ros2_ws/src/install/coms_pkg/share/coms_pkg/hook/pythonpath.dsv'
[2.417s] INFO:colcon.colcon_core.shell:Creating environment hook '/home/palopezw/TitoSync/ros2_ws/src/install/coms_pkg/share/coms_pkg/hook/pythonpath.sh'
[2.418s] Level 1:colcon.colcon_core.environment:checking '/home/palopezw/TitoSync/ros2_ws/src/install/coms_pkg/bin'
[2.418s] Level 1:colcon.colcon_core.environment:create_environment_scripts_only(coms_pkg)
[2.418s] INFO:colcon.colcon_core.shell:Creating package script '/home/palopezw/TitoSync/ros2_ws/src/install/coms_pkg/share/coms_pkg/package.ps1'
[2.419s] INFO:colcon.colcon_core.shell:Creating package descriptor '/home/palopezw/TitoSync/ros2_ws/src/install/coms_pkg/share/coms_pkg/package.dsv'
[2.419s] INFO:colcon.colcon_core.shell:Creating package script '/home/palopezw/TitoSync/ros2_ws/src/install/coms_pkg/share/coms_pkg/package.sh'
[2.420s] INFO:colcon.colcon_core.shell:Creating package script '/home/palopezw/TitoSync/ros2_ws/src/install/coms_pkg/share/coms_pkg/package.bash'
[2.421s] INFO:colcon.colcon_core.shell:Creating package script '/home/palopezw/TitoSync/ros2_ws/src/install/coms_pkg/share/coms_pkg/package.zsh'
[2.421s] Level 1:colcon.colcon_core.environment:create_file_with_runtime_dependencies(/home/palopezw/TitoSync/ros2_ws/src/install/coms_pkg/share/colcon-core/packages/coms_pkg)
[2.422s] DEBUG:colcon.colcon_parallel_executor.executor.parallel:closing loop
[2.423s] DEBUG:colcon.colcon_parallel_executor.executor.parallel:loop closed
[2.423s] DEBUG:colcon.colcon_parallel_executor.executor.parallel:run_until_complete finished with '0'
[2.423s] DEBUG:colcon.colcon_core.event_reactor:joining thread
[2.475s] INFO:colcon.colcon_core.plugin_system:Skipping extension 'colcon_notification.desktop_notification.notify_send': Could not find 'notify-send'
[2.475s] INFO:colcon.colcon_core.plugin_system:Skipping extension 'colcon_notification.desktop_notification.terminal_notifier': Not used on non-Darwin systems
[2.475s] INFO:colcon.colcon_core.plugin_system:Skipping extension 'colcon_notification.desktop_notification.win32': Not used on non-Windows systems
[2.475s] INFO:colcon.colcon_notification.desktop_notification:Sending desktop notification using 'notify2'
[2.476s] DEBUG:colcon.colcon_notification.desktop_notification.notify2:Failed to initialize notify2: org.freedesktop.DBus.Error.FileNotFound: Failed to connect to socket /run/user/1000/bus: No such file or directory
[2.476s] DEBUG:colcon.colcon_core.event_reactor:joined thread
[2.476s] INFO:colcon.colcon_core.shell:Creating prefix script '/home/palopezw/TitoSync/ros2_ws/src/install/local_setup.ps1'
[2.478s] INFO:colcon.colcon_core.shell:Creating prefix util module '/home/palopezw/TitoSync/ros2_ws/src/install/_local_setup_util_ps1.py'
[2.479s] INFO:colcon.colcon_core.shell:Creating prefix chain script '/home/palopezw/TitoSync/ros2_ws/src/install/setup.ps1'
[2.481s] INFO:colcon.colcon_core.shell:Creating prefix script '/home/palopezw/TitoSync/ros2_ws/src/install/local_setup.sh'
[2.482s] INFO:colcon.colcon_core.shell:Creating prefix util module '/home/palopezw/TitoSync/ros2_ws/src/install/_local_setup_util_sh.py'
[2.483s] INFO:colcon.colcon_core.shell:Creating prefix chain script '/home/palopezw/TitoSync/ros2_ws/src/install/setup.sh'
[2.484s] INFO:colcon.colcon_core.shell:Creating prefix script '/home/palopezw/TitoSync/ros2_ws/src/install/local_setup.bash'
[2.485s] INFO:colcon.colcon_core.shell:Creating prefix chain script '/home/palopezw/TitoSync/ros2_ws/src/install/setup.bash'
[2.486s] INFO:colcon.colcon_core.shell:Creating prefix script '/home/palopezw/TitoSync/ros2_ws/src/install/local_setup.zsh'
[2.487s] INFO:colcon.colcon_core.shell:Creating prefix chain script '/home/palopezw/TitoSync/ros2_ws/src/install/setup.zsh'
