[0.347s] DEBUG:colcon:Command line arguments: ['/usr/bin/colcon', 'build']
[0.347s] DEBUG:colcon:Parsed command line arguments: Namespace(log_base=None, log_level=None, verb_name='build', build_base='build', install_base='install', merge_install=False, symlink_install=False, test_result_base=None, continue_on_error=False, executor='parallel', parallel_workers=8, event_handlers=None, ignore_user_meta=False, metas=['./colcon.meta'], base_paths=['.'], packages_ignore=None, packages_ignore_regex=None, paths=None, packages_up_to=None, packages_up_to_regex=None, packages_above=None, packages_above_and_dependencies=None, packages_above_depth=None, packages_select_by_dep=None, packages_skip_by_dep=None, packages_skip_up_to=None, packages_select_build_failed=False, packages_skip_build_finished=False, packages_select_test_failures=False, packages_skip_test_passed=False, packages_select=None, packages_skip=None, packages_select_regex=None, packages_skip_regex=None, packages_start=None, packages_end=None, allow_overriding=[], cmake_args=None, cmake_target=None, cmake_target_skip_unavailable=False, cmake_clean_cache=False, cmake_clean_first=False, cmake_force_configure=False, ament_cmake_args=None, catkin_cmake_args=None, catkin_skip_building_tests=False, verb_parser=<colcon_defaults.argument_parser.defaults.DefaultArgumentsDecorator object at 0x76a3d47d7400>, verb_extension=<colcon_core.verb.build.BuildVerb object at 0x76a3d47d6ef0>, main=<bound method BuildVerb.main of <colcon_core.verb.build.BuildVerb object at 0x76a3d47d6ef0>>)
[0.785s] Level 1:colcon.colcon_core.package_discovery:discover_packages(colcon_meta) check parameters
[0.785s] Level 1:colcon.colcon_core.package_discovery:discover_packages(recursive) check parameters
[0.785s] Level 1:colcon.colcon_core.package_discovery:discover_packages(ignore) check parameters
[0.785s] Level 1:colcon.colcon_core.package_discovery:discover_packages(path) check parameters
[0.785s] Level 1:colcon.colcon_core.package_discovery:discover_packages(colcon_meta) discover
[0.786s] Level 1:colcon.colcon_core.package_discovery:discover_packages(recursive) discover
[0.786s] INFO:colcon.colcon_core.package_discovery:Crawling recursively for packages in '/home/palopezw/TitoSync/ros2_ws/src/perception_pkg'
[0.786s] Level 1:colcon.colcon_core.package_identification:_identify(.) by extensions ['ignore', 'ignore_ament_install']
[0.787s] Level 1:colcon.colcon_core.package_identification:_identify(.) by extension 'ignore'
[0.787s] Level 1:colcon.colcon_core.package_identification:_identify(.) by extension 'ignore_ament_install'
[0.787s] Level 1:colcon.colcon_core.package_identification:_identify(.) by extensions ['colcon_pkg']
[0.787s] Level 1:colcon.colcon_core.package_identification:_identify(.) by extension 'colcon_pkg'
[0.787s] Level 1:colcon.colcon_core.package_identification:_identify(.) by extensions ['colcon_meta']
[0.787s] Level 1:colcon.colcon_core.package_identification:_identify(.) by extension 'colcon_meta'
[0.787s] Level 1:colcon.colcon_core.package_identification:_identify(.) by extensions ['ros']
[0.787s] Level 1:colcon.colcon_core.package_identification:_identify(.) by extension 'ros'
[0.815s] DEBUG:colcon.colcon_core.package_identification:Package '.' with type 'ros.ament_python' and name 'perception_pkg'
[0.815s] Level 1:colcon.colcon_core.package_discovery:discover_packages(recursive) using defaults
[0.815s] Level 1:colcon.colcon_core.package_discovery:discover_packages(ignore) discover
[0.815s] Level 1:colcon.colcon_core.package_discovery:discover_packages(ignore) using defaults
[0.815s] Level 1:colcon.colcon_core.package_discovery:discover_packages(path) discover
[0.815s] Level 1:colcon.colcon_core.package_discovery:discover_packages(path) using defaults
[0.867s] Level 1:colcon.colcon_core.package_discovery:discover_packages(prefix_path) check parameters
[0.867s] Level 1:colcon.colcon_core.package_discovery:discover_packages(prefix_path) discover
[0.876s] DEBUG:colcon.colcon_installed_package_information.package_discovery:Found 3 installed packages in /home/palopezw/TitoSync/ros2_ws/install
[0.879s] DEBUG:colcon.colcon_installed_package_information.package_discovery:Found 193 installed packages in /opt/ros/humble
[0.880s] Level 1:colcon.colcon_core.package_discovery:discover_packages(prefix_path) using defaults
[0.993s] Level 5:colcon.colcon_core.verb:set package 'perception_pkg' build argument 'cmake_args' from command line to 'None'
[0.994s] Level 5:colcon.colcon_core.verb:set package 'perception_pkg' build argument 'cmake_target' from command line to 'None'
[0.994s] Level 5:colcon.colcon_core.verb:set package 'perception_pkg' build argument 'cmake_target_skip_unavailable' from command line to 'False'
[0.994s] Level 5:colcon.colcon_core.verb:set package 'perception_pkg' build argument 'cmake_clean_cache' from command line to 'False'
[0.994s] Level 5:colcon.colcon_core.verb:set package 'perception_pkg' build argument 'cmake_clean_first' from command line to 'False'
[0.994s] Level 5:colcon.colcon_core.verb:set package 'perception_pkg' build argument 'cmake_force_configure' from command line to 'False'
[0.994s] Level 5:colcon.colcon_core.verb:set package 'perception_pkg' build argument 'ament_cmake_args' from command line to 'None'
[0.994s] Level 5:colcon.colcon_core.verb:set package 'perception_pkg' build argument 'catkin_cmake_args' from command line to 'None'
[0.994s] Level 5:colcon.colcon_core.verb:set package 'perception_pkg' build argument 'catkin_skip_building_tests' from command line to 'False'
[0.994s] DEBUG:colcon.colcon_core.verb:Building package 'perception_pkg' with the following arguments: {'ament_cmake_args': None, 'build_base': '/home/palopezw/TitoSync/ros2_ws/src/perception_pkg/build/perception_pkg', 'catkin_cmake_args': None, 'catkin_skip_building_tests': False, 'cmake_args': None, 'cmake_clean_cache': False, 'cmake_clean_first': False, 'cmake_force_configure': False, 'cmake_target': None, 'cmake_target_skip_unavailable': False, 'install_base': '/home/palopezw/TitoSync/ros2_ws/src/perception_pkg/install/perception_pkg', 'merge_install': False, 'path': '/home/palopezw/TitoSync/ros2_ws/src/perception_pkg', 'symlink_install': False, 'test_result_base': None}
[0.994s] INFO:colcon.colcon_core.executor:Executing jobs using 'parallel' executor
[0.996s] DEBUG:colcon.colcon_parallel_executor.executor.parallel:run_until_complete
[0.996s] INFO:colcon.colcon_ros.task.ament_python.build:Building ROS package in '/home/palopezw/TitoSync/ros2_ws/src/perception_pkg' with build type 'ament_python'
[0.996s] Level 1:colcon.colcon_core.shell:create_environment_hook('perception_pkg', 'ament_prefix_path')
[1.005s] INFO:colcon.colcon_core.plugin_system:Skipping extension 'colcon_core.shell.bat': Not used on non-Windows systems
[1.005s] INFO:colcon.colcon_core.shell:Creating environment hook '/home/palopezw/TitoSync/ros2_ws/src/perception_pkg/install/perception_pkg/share/perception_pkg/hook/ament_prefix_path.ps1'
[1.006s] INFO:colcon.colcon_core.shell:Creating environment descriptor '/home/palopezw/TitoSync/ros2_ws/src/perception_pkg/install/perception_pkg/share/perception_pkg/hook/ament_prefix_path.dsv'
[1.008s] INFO:colcon.colcon_core.shell:Creating environment hook '/home/palopezw/TitoSync/ros2_ws/src/perception_pkg/install/perception_pkg/share/perception_pkg/hook/ament_prefix_path.sh'
[1.009s] INFO:colcon.colcon_core.shell:Skip shell extension 'powershell' for command environment: Not usable outside of PowerShell
[1.009s] DEBUG:colcon.colcon_core.shell:Skip shell extension 'dsv' for command environment
[1.300s] INFO:colcon.colcon_core.task.python.build:Building Python package in '/home/palopezw/TitoSync/ros2_ws/src/perception_pkg'
[1.300s] INFO:colcon.colcon_core.shell:Skip shell extension 'powershell' for command environment: Not usable outside of PowerShell
[1.301s] DEBUG:colcon.colcon_core.shell:Skip shell extension 'dsv' for command environment
[1.972s] DEBUG:colcon.colcon_core.event_handler.log_command:Invoking command in '/home/palopezw/TitoSync/ros2_ws/src/perception_pkg': PYTHONPATH=/home/palopezw/TitoSync/ros2_ws/src/perception_pkg/build/perception_pkg/prefix_override:/usr/lib/python3/dist-packages/colcon_core/task/python/colcon_distutils_commands:/home/palopezw/TitoSync/ros2_ws/src/perception_pkg/install/perception_pkg/lib/python3.10/site-packages:${PYTHONPATH} /usr/bin/python3 -W ignore:setup.py install is deprecated -W ignore:easy_install command is deprecated setup.py egg_info --egg-base build/perception_pkg build --build-base /home/palopezw/TitoSync/ros2_ws/src/perception_pkg/build/perception_pkg/build install --record /home/palopezw/TitoSync/ros2_ws/src/perception_pkg/build/perception_pkg/install.log --single-version-externally-managed install_data
[2.283s] DEBUG:colcon.colcon_core.event_handler.log_command:Invoked command in '/home/palopezw/TitoSync/ros2_ws/src/perception_pkg' returned '0': PYTHONPATH=/home/palopezw/TitoSync/ros2_ws/src/perception_pkg/build/perception_pkg/prefix_override:/usr/lib/python3/dist-packages/colcon_core/task/python/colcon_distutils_commands:/home/palopezw/TitoSync/ros2_ws/src/perception_pkg/install/perception_pkg/lib/python3.10/site-packages:${PYTHONPATH} /usr/bin/python3 -W ignore:setup.py install is deprecated -W ignore:easy_install command is deprecated setup.py egg_info --egg-base build/perception_pkg build --build-base /home/palopezw/TitoSync/ros2_ws/src/perception_pkg/build/perception_pkg/build install --record /home/palopezw/TitoSync/ros2_ws/src/perception_pkg/build/perception_pkg/install.log --single-version-externally-managed install_data
[2.293s] Level 1:colcon.colcon_core.environment:checking '/home/palopezw/TitoSync/ros2_ws/src/perception_pkg/install/perception_pkg' for CMake module files
[2.294s] Level 1:colcon.colcon_core.environment:checking '/home/palopezw/TitoSync/ros2_ws/src/perception_pkg/install/perception_pkg' for CMake config files
[2.298s] Level 1:colcon.colcon_core.environment:checking '/home/palopezw/TitoSync/ros2_ws/src/perception_pkg/install/perception_pkg/lib'
[2.299s] Level 1:colcon.colcon_core.environment:checking '/home/palopezw/TitoSync/ros2_ws/src/perception_pkg/install/perception_pkg/bin'
[2.299s] Level 1:colcon.colcon_core.environment:checking '/home/palopezw/TitoSync/ros2_ws/src/perception_pkg/install/perception_pkg/lib/pkgconfig/perception_pkg.pc'
[2.299s] Level 1:colcon.colcon_core.environment:checking '/home/palopezw/TitoSync/ros2_ws/src/perception_pkg/install/perception_pkg/lib/python3.10/site-packages'
[2.299s] Level 1:colcon.colcon_core.shell:create_environment_hook('perception_pkg', 'pythonpath')
[2.299s] INFO:colcon.colcon_core.shell:Creating environment hook '/home/palopezw/TitoSync/ros2_ws/src/perception_pkg/install/perception_pkg/share/perception_pkg/hook/pythonpath.ps1'
[2.300s] INFO:colcon.colcon_core.shell:Creating environment descriptor '/home/palopezw/TitoSync/ros2_ws/src/perception_pkg/install/perception_pkg/share/perception_pkg/hook/pythonpath.dsv'
[2.300s] INFO:colcon.colcon_core.shell:Creating environment hook '/home/palopezw/TitoSync/ros2_ws/src/perception_pkg/install/perception_pkg/share/perception_pkg/hook/pythonpath.sh'
[2.301s] Level 1:colcon.colcon_core.environment:checking '/home/palopezw/TitoSync/ros2_ws/src/perception_pkg/install/perception_pkg/bin'
[2.301s] Level 1:colcon.colcon_core.environment:create_environment_scripts_only(perception_pkg)
[2.301s] INFO:colcon.colcon_core.shell:Creating package script '/home/palopezw/TitoSync/ros2_ws/src/perception_pkg/install/perception_pkg/share/perception_pkg/package.ps1'
[2.303s] INFO:colcon.colcon_core.shell:Creating package descriptor '/home/palopezw/TitoSync/ros2_ws/src/perception_pkg/install/perception_pkg/share/perception_pkg/package.dsv'
[2.304s] INFO:colcon.colcon_core.shell:Creating package script '/home/palopezw/TitoSync/ros2_ws/src/perception_pkg/install/perception_pkg/share/perception_pkg/package.sh'
[2.306s] INFO:colcon.colcon_core.shell:Creating package script '/home/palopezw/TitoSync/ros2_ws/src/perception_pkg/install/perception_pkg/share/perception_pkg/package.bash'
[2.307s] INFO:colcon.colcon_core.shell:Creating package script '/home/palopezw/TitoSync/ros2_ws/src/perception_pkg/install/perception_pkg/share/perception_pkg/package.zsh'
[2.308s] Level 1:colcon.colcon_core.environment:create_file_with_runtime_dependencies(/home/palopezw/TitoSync/ros2_ws/src/perception_pkg/install/perception_pkg/share/colcon-core/packages/perception_pkg)
[2.309s] DEBUG:colcon.colcon_parallel_executor.executor.parallel:closing loop
[2.309s] DEBUG:colcon.colcon_parallel_executor.executor.parallel:loop closed
[2.309s] DEBUG:colcon.colcon_parallel_executor.executor.parallel:run_until_complete finished with '0'
[2.309s] DEBUG:colcon.colcon_core.event_reactor:joining thread
[2.363s] INFO:colcon.colcon_core.plugin_system:Skipping extension 'colcon_notification.desktop_notification.notify_send': Could not find 'notify-send'
[2.363s] INFO:colcon.colcon_core.plugin_system:Skipping extension 'colcon_notification.desktop_notification.terminal_notifier': Not used on non-Darwin systems
[2.363s] INFO:colcon.colcon_core.plugin_system:Skipping extension 'colcon_notification.desktop_notification.win32': Not used on non-Windows systems
[2.363s] INFO:colcon.colcon_notification.desktop_notification:Sending desktop notification using 'notify2'
[2.363s] DEBUG:colcon.colcon_notification.desktop_notification.notify2:Failed to initialize notify2: org.freedesktop.DBus.Error.FileNotFound: Failed to connect to socket /run/user/1000/bus: No such file or directory
[2.364s] DEBUG:colcon.colcon_core.event_reactor:joined thread
[2.364s] INFO:colcon.colcon_core.shell:Creating prefix script '/home/palopezw/TitoSync/ros2_ws/src/perception_pkg/install/local_setup.ps1'
[2.366s] INFO:colcon.colcon_core.shell:Creating prefix util module '/home/palopezw/TitoSync/ros2_ws/src/perception_pkg/install/_local_setup_util_ps1.py'
[2.368s] INFO:colcon.colcon_core.shell:Creating prefix chain script '/home/palopezw/TitoSync/ros2_ws/src/perception_pkg/install/setup.ps1'
[2.369s] INFO:colcon.colcon_core.shell:Creating prefix script '/home/palopezw/TitoSync/ros2_ws/src/perception_pkg/install/local_setup.sh'
[2.371s] INFO:colcon.colcon_core.shell:Creating prefix util module '/home/palopezw/TitoSync/ros2_ws/src/perception_pkg/install/_local_setup_util_sh.py'
[2.371s] INFO:colcon.colcon_core.shell:Creating prefix chain script '/home/palopezw/TitoSync/ros2_ws/src/perception_pkg/install/setup.sh'
[2.373s] INFO:colcon.colcon_core.shell:Creating prefix script '/home/palopezw/TitoSync/ros2_ws/src/perception_pkg/install/local_setup.bash'
[2.374s] INFO:colcon.colcon_core.shell:Creating prefix chain script '/home/palopezw/TitoSync/ros2_ws/src/perception_pkg/install/setup.bash'
[2.375s] INFO:colcon.colcon_core.shell:Creating prefix script '/home/palopezw/TitoSync/ros2_ws/src/perception_pkg/install/local_setup.zsh'
[2.376s] INFO:colcon.colcon_core.shell:Creating prefix chain script '/home/palopezw/TitoSync/ros2_ws/src/perception_pkg/install/setup.zsh'
