[1.650s] Invoking command in '/home/palopezw/TitoSync/ros2_ws/src/coms_pkg': PYTHONPATH=/home/palopezw/TitoSync/ros2_ws/src/build/coms_pkg/prefix_override:/usr/lib/python3/dist-packages/colcon_core/task/python/colcon_distutils_commands:/home/palopezw/TitoSync/ros2_ws/src/install/coms_pkg/lib/python3.10/site-packages:${PYTHONPATH} /usr/bin/python3 -W ignore:setup.py install is deprecated -W ignore:easy_install command is deprecated setup.py egg_info --egg-base ../build/coms_pkg build --build-base /home/palopezw/TitoSync/ros2_ws/src/build/coms_pkg/build install --record /home/palopezw/TitoSync/ros2_ws/src/build/coms_pkg/install.log --single-version-externally-managed install_data
[1.960s] running egg_info
[1.962s] writing ../build/coms_pkg/coms_pkg.egg-info/PKG-INFO
[1.963s] writing dependency_links to ../build/coms_pkg/coms_pkg.egg-info/dependency_links.txt
[1.963s] writing entry points to ../build/coms_pkg/coms_pkg.egg-info/entry_points.txt
[1.963s] writing requirements to ../build/coms_pkg/coms_pkg.egg-info/requires.txt
[1.963s] writing top-level names to ../build/coms_pkg/coms_pkg.egg-info/top_level.txt
[1.966s] reading manifest file '../build/coms_pkg/coms_pkg.egg-info/SOURCES.txt'
[1.968s] writing manifest file '../build/coms_pkg/coms_pkg.egg-info/SOURCES.txt'
[1.969s] running build
[1.970s] running build_py
[1.971s] running install
[1.972s] running install_lib
[1.973s] running install_data
[1.973s] running install_egg_info
[1.976s] removing '/home/palopezw/TitoSync/ros2_ws/src/install/coms_pkg/lib/python3.10/site-packages/coms_pkg-0.0.0-py3.10.egg-info' (and everything under it)
[1.977s] Copying ../build/coms_pkg/coms_pkg.egg-info to /home/palopezw/TitoSync/ros2_ws/src/install/coms_pkg/lib/python3.10/site-packages/coms_pkg-0.0.0-py3.10.egg-info
[1.979s] running install_scripts
[2.022s] Installing coms script to /home/palopezw/TitoSync/ros2_ws/src/install/coms_pkg/lib/coms_pkg
[2.023s] writing list of installed files to '/home/palopezw/TitoSync/ros2_ws/src/build/coms_pkg/install.log'
[2.082s] Invoked command in '/home/palopezw/TitoSync/ros2_ws/src/coms_pkg' returned '0': PYTHONPATH=/home/palopezw/TitoSync/ros2_ws/src/build/coms_pkg/prefix_override:/usr/lib/python3/dist-packages/colcon_core/task/python/colcon_distutils_commands:/home/palopezw/TitoSync/ros2_ws/src/install/coms_pkg/lib/python3.10/site-packages:${PYTHONPATH} /usr/bin/python3 -W ignore:setup.py install is deprecated -W ignore:easy_install command is deprecated setup.py egg_info --egg-base ../build/coms_pkg build --build-base /home/palopezw/TitoSync/ros2_ws/src/build/coms_pkg/build install --record /home/palopezw/TitoSync/ros2_ws/src/build/coms_pkg/install.log --single-version-externally-managed install_data
