running egg_info
creating ../build/perception_pkg/perception_pkg.egg-info
writing ../build/perception_pkg/perception_pkg.egg-info/PKG-INFO
writing dependency_links to ../build/perception_pkg/perception_pkg.egg-info/dependency_links.txt
writing entry points to ../build/perception_pkg/perception_pkg.egg-info/entry_points.txt
writing requirements to ../build/perception_pkg/perception_pkg.egg-info/requires.txt
writing top-level names to ../build/perception_pkg/perception_pkg.egg-info/top_level.txt
writing manifest file '../build/perception_pkg/perception_pkg.egg-info/SOURCES.txt'
reading manifest file '../build/perception_pkg/perception_pkg.egg-info/SOURCES.txt'
writing manifest file '../build/perception_pkg/perception_pkg.egg-info/SOURCES.txt'
running build
running build_py
creating /home/palopezw/TitoSync/ros2_ws/src/build/perception_pkg/build
creating /home/palopezw/TitoSync/ros2_ws/src/build/perception_pkg/build/lib
creating /home/palopezw/TitoSync/ros2_ws/src/build/perception_pkg/build/lib/perception_pkg
copying perception_pkg/__init__.py -> /home/palopezw/TitoSync/ros2_ws/src/build/perception_pkg/build/lib/perception_pkg
copying perception_pkg/funciones_auxiliares.py -> /home/palopezw/TitoSync/ros2_ws/src/build/perception_pkg/build/lib/perception_pkg
copying perception_pkg/camara.py -> /home/palopezw/TitoSync/ros2_ws/src/build/perception_pkg/build/lib/perception_pkg
copying perception_pkg/calibracion.py -> /home/palopezw/TitoSync/ros2_ws/src/build/perception_pkg/build/lib/perception_pkg
running install
running install_lib
creating /home/palopezw/TitoSync/ros2_ws/src/install/perception_pkg/lib/python3.10/site-packages/perception_pkg
copying /home/palopezw/TitoSync/ros2_ws/src/build/perception_pkg/build/lib/perception_pkg/__init__.py -> /home/palopezw/TitoSync/ros2_ws/src/install/perception_pkg/lib/python3.10/site-packages/perception_pkg
copying /home/palopezw/TitoSync/ros2_ws/src/build/perception_pkg/build/lib/perception_pkg/funciones_auxiliares.py -> /home/palopezw/TitoSync/ros2_ws/src/install/perception_pkg/lib/python3.10/site-packages/perception_pkg
copying /home/palopezw/TitoSync/ros2_ws/src/build/perception_pkg/build/lib/perception_pkg/camara.py -> /home/palopezw/TitoSync/ros2_ws/src/install/perception_pkg/lib/python3.10/site-packages/perception_pkg
copying /home/palopezw/TitoSync/ros2_ws/src/build/perception_pkg/build/lib/perception_pkg/calibracion.py -> /home/palopezw/TitoSync/ros2_ws/src/install/perception_pkg/lib/python3.10/site-packages/perception_pkg
byte-compiling /home/palopezw/TitoSync/ros2_ws/src/install/perception_pkg/lib/python3.10/site-packages/perception_pkg/__init__.py to __init__.cpython-310.pyc
byte-compiling /home/palopezw/TitoSync/ros2_ws/src/install/perception_pkg/lib/python3.10/site-packages/perception_pkg/funciones_auxiliares.py to funciones_auxiliares.cpython-310.pyc
byte-compiling /home/palopezw/TitoSync/ros2_ws/src/install/perception_pkg/lib/python3.10/site-packages/perception_pkg/camara.py to camara.cpython-310.pyc
byte-compiling /home/palopezw/TitoSync/ros2_ws/src/install/perception_pkg/lib/python3.10/site-packages/perception_pkg/calibracion.py to calibracion.cpython-310.pyc
running install_data
creating /home/palopezw/TitoSync/ros2_ws/src/install/perception_pkg/share/ament_index
creating /home/palopezw/TitoSync/ros2_ws/src/install/perception_pkg/share/ament_index/resource_index
creating /home/palopezw/TitoSync/ros2_ws/src/install/perception_pkg/share/ament_index/resource_index/packages
copying resource/perception_pkg -> /home/palopezw/TitoSync/ros2_ws/src/install/perception_pkg/share/ament_index/resource_index/packages
creating /home/palopezw/TitoSync/ros2_ws/src/install/perception_pkg/share/perception_pkg/launch
copying launch/bringup_launch.py -> /home/palopezw/TitoSync/ros2_ws/src/install/perception_pkg/share/perception_pkg/launch
copying package.xml -> /home/palopezw/TitoSync/ros2_ws/src/install/perception_pkg/share/perception_pkg
copying perception_pkg/valores_lower_upper_refpoint.txt -> /home/palopezw/TitoSync/ros2_ws/src/install/perception_pkg/share/perception_pkg
running install_egg_info
Copying ../build/perception_pkg/perception_pkg.egg-info to /home/palopezw/TitoSync/ros2_ws/src/install/perception_pkg/lib/python3.10/site-packages/perception_pkg-0.0.0-py3.10.egg-info
running install_scripts
Installing camara script to /home/palopezw/TitoSync/ros2_ws/src/install/perception_pkg/lib/perception_pkg
writing list of installed files to '/home/palopezw/TitoSync/ros2_ws/src/build/perception_pkg/install.log'
