[1.499s] Invoking command in '/home/palopezw/TitoSync/ros2_ws/src/perception_pkg': PYTHONPATH=/home/palopezw/TitoSync/ros2_ws/src/build/perception_pkg/prefix_override:/usr/lib/python3/dist-packages/colcon_core/task/python/colcon_distutils_commands:/home/palopezw/TitoSync/ros2_ws/src/install/perception_pkg/lib/python3.10/site-packages:${PYTHONPATH} /usr/bin/python3 -W ignore:setup.py install is deprecated -W ignore:easy_install command is deprecated setup.py egg_info --egg-base ../build/perception_pkg build --build-base /home/palopezw/TitoSync/ros2_ws/src/build/perception_pkg/build install --record /home/palopezw/TitoSync/ros2_ws/src/build/perception_pkg/install.log --single-version-externally-managed install_data
[1.844s] running egg_info
[1.845s] creating ../build/perception_pkg/perception_pkg.egg-info
[1.845s] writing ../build/perception_pkg/perception_pkg.egg-info/PKG-INFO
[1.846s] writing dependency_links to ../build/perception_pkg/perception_pkg.egg-info/dependency_links.txt
[1.846s] writing entry points to ../build/perception_pkg/perception_pkg.egg-info/entry_points.txt
[1.846s] writing requirements to ../build/perception_pkg/perception_pkg.egg-info/requires.txt
[1.846s] writing top-level names to ../build/perception_pkg/perception_pkg.egg-info/top_level.txt
[1.847s] writing manifest file '../build/perception_pkg/perception_pkg.egg-info/SOURCES.txt'
[1.851s] reading manifest file '../build/perception_pkg/perception_pkg.egg-info/SOURCES.txt'
[1.852s] writing manifest file '../build/perception_pkg/perception_pkg.egg-info/SOURCES.txt'
[1.853s] running build
[1.853s] running build_py
[1.853s] creating /home/palopezw/TitoSync/ros2_ws/src/build/perception_pkg/build
[1.854s] creating /home/palopezw/TitoSync/ros2_ws/src/build/perception_pkg/build/lib
[1.854s] creating /home/palopezw/TitoSync/ros2_ws/src/build/perception_pkg/build/lib/perception_pkg
[1.855s] copying perception_pkg/__init__.py -> /home/palopezw/TitoSync/ros2_ws/src/build/perception_pkg/build/lib/perception_pkg
[1.857s] copying perception_pkg/funciones_auxiliares.py -> /home/palopezw/TitoSync/ros2_ws/src/build/perception_pkg/build/lib/perception_pkg
[1.858s] copying perception_pkg/camara.py -> /home/palopezw/TitoSync/ros2_ws/src/build/perception_pkg/build/lib/perception_pkg
[1.858s] copying perception_pkg/calibracion.py -> /home/palopezw/TitoSync/ros2_ws/src/build/perception_pkg/build/lib/perception_pkg
[1.858s] running install
[1.859s] running install_lib
[1.860s] creating /home/palopezw/TitoSync/ros2_ws/src/install/perception_pkg/lib/python3.10/site-packages/perception_pkg
[1.860s] copying /home/palopezw/TitoSync/ros2_ws/src/build/perception_pkg/build/lib/perception_pkg/__init__.py -> /home/palopezw/TitoSync/ros2_ws/src/install/perception_pkg/lib/python3.10/site-packages/perception_pkg
[1.860s] copying /home/palopezw/TitoSync/ros2_ws/src/build/perception_pkg/build/lib/perception_pkg/funciones_auxiliares.py -> /home/palopezw/TitoSync/ros2_ws/src/install/perception_pkg/lib/python3.10/site-packages/perception_pkg
[1.860s] copying /home/palopezw/TitoSync/ros2_ws/src/build/perception_pkg/build/lib/perception_pkg/camara.py -> /home/palopezw/TitoSync/ros2_ws/src/install/perception_pkg/lib/python3.10/site-packages/perception_pkg
[1.860s] copying /home/palopezw/TitoSync/ros2_ws/src/build/perception_pkg/build/lib/perception_pkg/calibracion.py -> /home/palopezw/TitoSync/ros2_ws/src/install/perception_pkg/lib/python3.10/site-packages/perception_pkg
[1.860s] byte-compiling /home/palopezw/TitoSync/ros2_ws/src/install/perception_pkg/lib/python3.10/site-packages/perception_pkg/__init__.py to __init__.cpython-310.pyc
[1.861s] byte-compiling /home/palopezw/TitoSync/ros2_ws/src/install/perception_pkg/lib/python3.10/site-packages/perception_pkg/funciones_auxiliares.py to funciones_auxiliares.cpython-310.pyc
[1.862s] byte-compiling /home/palopezw/TitoSync/ros2_ws/src/install/perception_pkg/lib/python3.10/site-packages/perception_pkg/camara.py to camara.cpython-310.pyc
[1.863s] byte-compiling /home/palopezw/TitoSync/ros2_ws/src/install/perception_pkg/lib/python3.10/site-packages/perception_pkg/calibracion.py to calibracion.cpython-310.pyc
[1.866s] running install_data
[1.866s] creating /home/palopezw/TitoSync/ros2_ws/src/install/perception_pkg/share/ament_index
[1.866s] creating /home/palopezw/TitoSync/ros2_ws/src/install/perception_pkg/share/ament_index/resource_index
[1.867s] creating /home/palopezw/TitoSync/ros2_ws/src/install/perception_pkg/share/ament_index/resource_index/packages
[1.867s] copying resource/perception_pkg -> /home/palopezw/TitoSync/ros2_ws/src/install/perception_pkg/share/ament_index/resource_index/packages
[1.867s] creating /home/palopezw/TitoSync/ros2_ws/src/install/perception_pkg/share/perception_pkg/launch
[1.868s] copying launch/bringup_launch.py -> /home/palopezw/TitoSync/ros2_ws/src/install/perception_pkg/share/perception_pkg/launch
[1.869s] copying package.xml -> /home/palopezw/TitoSync/ros2_ws/src/install/perception_pkg/share/perception_pkg
[1.869s] copying perception_pkg/valores_lower_upper_refpoint.txt -> /home/palopezw/TitoSync/ros2_ws/src/install/perception_pkg/share/perception_pkg
[1.869s] running install_egg_info
[1.872s] Copying ../build/perception_pkg/perception_pkg.egg-info to /home/palopezw/TitoSync/ros2_ws/src/install/perception_pkg/lib/python3.10/site-packages/perception_pkg-0.0.0-py3.10.egg-info
[1.873s] running install_scripts
[1.908s] Installing camara script to /home/palopezw/TitoSync/ros2_ws/src/install/perception_pkg/lib/perception_pkg
[1.909s] writing list of installed files to '/home/palopezw/TitoSync/ros2_ws/src/build/perception_pkg/install.log'
[1.985s] Invoked command in '/home/palopezw/TitoSync/ros2_ws/src/perception_pkg' returned '0': PYTHONPATH=/home/palopezw/TitoSync/ros2_ws/src/build/perception_pkg/prefix_override:/usr/lib/python3/dist-packages/colcon_core/task/python/colcon_distutils_commands:/home/palopezw/TitoSync/ros2_ws/src/install/perception_pkg/lib/python3.10/site-packages:${PYTHONPATH} /usr/bin/python3 -W ignore:setup.py install is deprecated -W ignore:easy_install command is deprecated setup.py egg_info --egg-base ../build/perception_pkg build --build-base /home/palopezw/TitoSync/ros2_ws/src/build/perception_pkg/build install --record /home/palopezw/TitoSync/ros2_ws/src/build/perception_pkg/install.log --single-version-externally-managed install_data
