[0.456s] DEBUG:colcon:Command line arguments: ['/usr/bin/colcon', 'build']
[0.456s] DEBUG:colcon:Parsed command line arguments: Namespace(log_base=None, log_level=None, verb_name='build', build_base='build', install_base='install', merge_install=False, symlink_install=False, test_result_base=None, continue_on_error=False, executor='parallel', parallel_workers=8, event_handlers=None, ignore_user_meta=False, metas=['./colcon.meta'], base_paths=['.'], packages_ignore=None, packages_ignore_regex=None, paths=None, packages_up_to=None, packages_up_to_regex=None, packages_above=None, packages_above_and_dependencies=None, packages_above_depth=None, packages_select_by_dep=None, packages_skip_by_dep=None, packages_skip_up_to=None, packages_select_build_failed=False, packages_skip_build_finished=False, packages_select_test_failures=False, packages_skip_test_passed=False, packages_select=None, packages_skip=None, packages_select_regex=None, packages_skip_regex=None, packages_start=None, packages_end=None, allow_overriding=[], cmake_args=None, cmake_target=None, cmake_target_skip_unavailable=False, cmake_clean_cache=False, cmake_clean_first=False, cmake_force_configure=False, ament_cmake_args=None, catkin_cmake_args=None, catkin_skip_building_tests=False, verb_parser=<colcon_defaults.argument_parser.defaults.DefaultArgumentsDecorator object at 0x718118617490>, verb_extension=<colcon_core.verb.build.BuildVerb object at 0x718118616f80>, main=<bound method BuildVerb.main of <colcon_core.verb.build.BuildVerb object at 0x718118616f80>>)
[0.895s] Level 1:colcon.colcon_core.package_discovery:discover_packages(colcon_meta) check parameters
[0.896s] Level 1:colcon.colcon_core.package_discovery:discover_packages(recursive) check parameters
[0.896s] Level 1:colcon.colcon_core.package_discovery:discover_packages(ignore) check parameters
[0.896s] Level 1:colcon.colcon_core.package_discovery:discover_packages(path) check parameters
[0.896s] Level 1:colcon.colcon_core.package_discovery:discover_packages(colcon_meta) discover
[0.896s] Level 1:colcon.colcon_core.package_discovery:discover_packages(recursive) discover
[0.896s] INFO:colcon.colcon_core.package_discovery:Crawling recursively for packages in '/home/palopezw/TitoSync/ros2_ws/src'
[0.897s] Level 1:colcon.colcon_core.package_identification:_identify(.) by extensions ['ignore', 'ignore_ament_install']
[0.897s] Level 1:colcon.colcon_core.package_identification:_identify(.) by extension 'ignore'
[0.897s] Level 1:colcon.colcon_core.package_identification:_identify(.) by extension 'ignore_ament_install'
[0.897s] Level 1:colcon.colcon_core.package_identification:_identify(.) by extensions ['colcon_pkg']
[0.897s] Level 1:colcon.colcon_core.package_identification:_identify(.) by extension 'colcon_pkg'
[0.897s] Level 1:colcon.colcon_core.package_identification:_identify(.) by extensions ['colcon_meta']
[0.897s] Level 1:colcon.colcon_core.package_identification:_identify(.) by extension 'colcon_meta'
[0.897s] Level 1:colcon.colcon_core.package_identification:_identify(.) by extensions ['ros']
[0.897s] Level 1:colcon.colcon_core.package_identification:_identify(.) by extension 'ros'
[0.917s] Level 1:colcon.colcon_core.package_identification:_identify(.) by extensions ['cmake', 'python']
[0.917s] Level 1:colcon.colcon_core.package_identification:_identify(.) by extension 'cmake'
[0.918s] Level 1:colcon.colcon_core.package_identification:_identify(.) by extension 'python'
[0.918s] Level 1:colcon.colcon_core.package_identification:_identify(.) by extensions ['python_setup_py']
[0.918s] Level 1:colcon.colcon_core.package_identification:_identify(.) by extension 'python_setup_py'
[0.918s] Level 1:colcon.colcon_core.package_identification:_identify(build) by extensions ['ignore', 'ignore_ament_install']
[0.918s] Level 1:colcon.colcon_core.package_identification:_identify(build) by extension 'ignore'
[0.918s] Level 1:colcon.colcon_core.package_identification:_identify(build) ignored
[0.919s] Level 1:colcon.colcon_core.package_identification:_identify(coms_pkg) by extensions ['ignore', 'ignore_ament_install']
[0.919s] Level 1:colcon.colcon_core.package_identification:_identify(coms_pkg) by extension 'ignore'
[0.919s] Level 1:colcon.colcon_core.package_identification:_identify(coms_pkg) by extension 'ignore_ament_install'
[0.919s] Level 1:colcon.colcon_core.package_identification:_identify(coms_pkg) by extensions ['colcon_pkg']
[0.919s] Level 1:colcon.colcon_core.package_identification:_identify(coms_pkg) by extension 'colcon_pkg'
[0.919s] Level 1:colcon.colcon_core.package_identification:_identify(coms_pkg) by extensions ['colcon_meta']
[0.919s] Level 1:colcon.colcon_core.package_identification:_identify(coms_pkg) by extension 'colcon_meta'
[0.919s] Level 1:colcon.colcon_core.package_identification:_identify(coms_pkg) by extensions ['ros']
[0.920s] Level 1:colcon.colcon_core.package_identification:_identify(coms_pkg) by extension 'ros'
[0.925s] DEBUG:colcon.colcon_core.package_identification:Package 'coms_pkg' with type 'ros.ament_python' and name 'coms_pkg'
[0.926s] Level 1:colcon.colcon_core.package_identification:_identify(control_pkg) by extensions ['ignore', 'ignore_ament_install']
[0.926s] Level 1:colcon.colcon_core.package_identification:_identify(control_pkg) by extension 'ignore'
[0.926s] Level 1:colcon.colcon_core.package_identification:_identify(control_pkg) by extension 'ignore_ament_install'
[0.926s] Level 1:colcon.colcon_core.package_identification:_identify(control_pkg) by extensions ['colcon_pkg']
[0.926s] Level 1:colcon.colcon_core.package_identification:_identify(control_pkg) by extension 'colcon_pkg'
[0.926s] Level 1:colcon.colcon_core.package_identification:_identify(control_pkg) by extensions ['colcon_meta']
[0.926s] Level 1:colcon.colcon_core.package_identification:_identify(control_pkg) by extension 'colcon_meta'
[0.926s] Level 1:colcon.colcon_core.package_identification:_identify(control_pkg) by extensions ['ros']
[0.926s] Level 1:colcon.colcon_core.package_identification:_identify(control_pkg) by extension 'ros'
[0.927s] DEBUG:colcon.colcon_core.package_identification:Package 'control_pkg' with type 'ros.ament_python' and name 'control_pkg'
[0.928s] Level 1:colcon.colcon_core.package_identification:_identify(install) by extensions ['ignore', 'ignore_ament_install']
[0.928s] Level 1:colcon.colcon_core.package_identification:_identify(install) by extension 'ignore'
[0.928s] Level 1:colcon.colcon_core.package_identification:_identify(install) ignored
[0.928s] Level 1:colcon.colcon_core.package_identification:_identify(log) by extensions ['ignore', 'ignore_ament_install']
[0.928s] Level 1:colcon.colcon_core.package_identification:_identify(log) by extension 'ignore'
[0.928s] Level 1:colcon.colcon_core.package_identification:_identify(log) ignored
[0.929s] Level 1:colcon.colcon_core.package_identification:_identify(perception_pkg) by extensions ['ignore', 'ignore_ament_install']
[0.929s] Level 1:colcon.colcon_core.package_identification:_identify(perception_pkg) by extension 'ignore'
[0.929s] Level 1:colcon.colcon_core.package_identification:_identify(perception_pkg) by extension 'ignore_ament_install'
[0.929s] Level 1:colcon.colcon_core.package_identification:_identify(perception_pkg) by extensions ['colcon_pkg']
[0.929s] Level 1:colcon.colcon_core.package_identification:_identify(perception_pkg) by extension 'colcon_pkg'
[0.929s] Level 1:colcon.colcon_core.package_identification:_identify(perception_pkg) by extensions ['colcon_meta']
[0.929s] Level 1:colcon.colcon_core.package_identification:_identify(perception_pkg) by extension 'colcon_meta'
[0.929s] Level 1:colcon.colcon_core.package_identification:_identify(perception_pkg) by extensions ['ros']
[0.929s] Level 1:colcon.colcon_core.package_identification:_identify(perception_pkg) by extension 'ros'
[0.932s] DEBUG:colcon.colcon_core.package_identification:Package 'perception_pkg' with type 'ros.ament_python' and name 'perception_pkg'
[0.932s] Level 1:colcon.colcon_core.package_discovery:discover_packages(recursive) using defaults
[0.932s] Level 1:colcon.colcon_core.package_discovery:discover_packages(ignore) discover
[0.932s] Level 1:colcon.colcon_core.package_discovery:discover_packages(ignore) using defaults
[0.932s] Level 1:colcon.colcon_core.package_discovery:discover_packages(path) discover
[0.932s] Level 1:colcon.colcon_core.package_discovery:discover_packages(path) using defaults
[0.980s] Level 1:colcon.colcon_core.package_discovery:discover_packages(prefix_path) check parameters
[0.980s] Level 1:colcon.colcon_core.package_discovery:discover_packages(prefix_path) discover
[0.989s] DEBUG:colcon.colcon_installed_package_information.package_discovery:Found 3 installed packages in /home/palopezw/TitoSync/ros2_ws/install
[0.992s] DEBUG:colcon.colcon_installed_package_information.package_discovery:Found 193 installed packages in /opt/ros/humble
[0.993s] Level 1:colcon.colcon_core.package_discovery:discover_packages(prefix_path) using defaults
[1.119s] Level 5:colcon.colcon_core.verb:set package 'coms_pkg' build argument 'cmake_args' from command line to 'None'
[1.119s] Level 5:colcon.colcon_core.verb:set package 'coms_pkg' build argument 'cmake_target' from command line to 'None'
[1.119s] Level 5:colcon.colcon_core.verb:set package 'coms_pkg' build argument 'cmake_target_skip_unavailable' from command line to 'False'
[1.119s] Level 5:colcon.colcon_core.verb:set package 'coms_pkg' build argument 'cmake_clean_cache' from command line to 'False'
[1.119s] Level 5:colcon.colcon_core.verb:set package 'coms_pkg' build argument 'cmake_clean_first' from command line to 'False'
[1.119s] Level 5:colcon.colcon_core.verb:set package 'coms_pkg' build argument 'cmake_force_configure' from command line to 'False'
[1.119s] Level 5:colcon.colcon_core.verb:set package 'coms_pkg' build argument 'ament_cmake_args' from command line to 'None'
[1.119s] Level 5:colcon.colcon_core.verb:set package 'coms_pkg' build argument 'catkin_cmake_args' from command line to 'None'
[1.119s] Level 5:colcon.colcon_core.verb:set package 'coms_pkg' build argument 'catkin_skip_building_tests' from command line to 'False'
[1.119s] DEBUG:colcon.colcon_core.verb:Building package 'coms_pkg' with the following arguments: {'ament_cmake_args': None, 'build_base': '/home/palopezw/TitoSync/ros2_ws/src/build/coms_pkg', 'catkin_cmake_args': None, 'catkin_skip_building_tests': False, 'cmake_args': None, 'cmake_clean_cache': False, 'cmake_clean_first': False, 'cmake_force_configure': False, 'cmake_target': None, 'cmake_target_skip_unavailable': False, 'install_base': '/home/palopezw/TitoSync/ros2_ws/src/install/coms_pkg', 'merge_install': False, 'path': '/home/palopezw/TitoSync/ros2_ws/src/coms_pkg', 'symlink_install': False, 'test_result_base': None}
[1.120s] Level 5:colcon.colcon_core.verb:set package 'control_pkg' build argument 'cmake_args' from command line to 'None'
[1.120s] Level 5:colcon.colcon_core.verb:set package 'control_pkg' build argument 'cmake_target' from command line to 'None'
[1.120s] Level 5:colcon.colcon_core.verb:set package 'control_pkg' build argument 'cmake_target_skip_unavailable' from command line to 'False'
[1.120s] Level 5:colcon.colcon_core.verb:set package 'control_pkg' build argument 'cmake_clean_cache' from command line to 'False'
[1.120s] Level 5:colcon.colcon_core.verb:set package 'control_pkg' build argument 'cmake_clean_first' from command line to 'False'
[1.120s] Level 5:colcon.colcon_core.verb:set package 'control_pkg' build argument 'cmake_force_configure' from command line to 'False'
[1.120s] Level 5:colcon.colcon_core.verb:set package 'control_pkg' build argument 'ament_cmake_args' from command line to 'None'
[1.120s] Level 5:colcon.colcon_core.verb:set package 'control_pkg' build argument 'catkin_cmake_args' from command line to 'None'
[1.120s] Level 5:colcon.colcon_core.verb:set package 'control_pkg' build argument 'catkin_skip_building_tests' from command line to 'False'
[1.120s] DEBUG:colcon.colcon_core.verb:Building package 'control_pkg' with the following arguments: {'ament_cmake_args': None, 'build_base': '/home/palopezw/TitoSync/ros2_ws/src/build/control_pkg', 'catkin_cmake_args': None, 'catkin_skip_building_tests': False, 'cmake_args': None, 'cmake_clean_cache': False, 'cmake_clean_first': False, 'cmake_force_configure': False, 'cmake_target': None, 'cmake_target_skip_unavailable': False, 'install_base': '/home/palopezw/TitoSync/ros2_ws/src/install/control_pkg', 'merge_install': False, 'path': '/home/palopezw/TitoSync/ros2_ws/src/control_pkg', 'symlink_install': False, 'test_result_base': None}
[1.120s] Level 5:colcon.colcon_core.verb:set package 'perception_pkg' build argument 'cmake_args' from command line to 'None'
[1.120s] Level 5:colcon.colcon_core.verb:set package 'perception_pkg' build argument 'cmake_target' from command line to 'None'
[1.120s] Level 5:colcon.colcon_core.verb:set package 'perception_pkg' build argument 'cmake_target_skip_unavailable' from command line to 'False'
[1.120s] Level 5:colcon.colcon_core.verb:set package 'perception_pkg' build argument 'cmake_clean_cache' from command line to 'False'
[1.120s] Level 5:colcon.colcon_core.verb:set package 'perception_pkg' build argument 'cmake_clean_first' from command line to 'False'
[1.120s] Level 5:colcon.colcon_core.verb:set package 'perception_pkg' build argument 'cmake_force_configure' from command line to 'False'
[1.120s] Level 5:colcon.colcon_core.verb:set package 'perception_pkg' build argument 'ament_cmake_args' from command line to 'None'
[1.120s] Level 5:colcon.colcon_core.verb:set package 'perception_pkg' build argument 'catkin_cmake_args' from command line to 'None'
[1.120s] Level 5:colcon.colcon_core.verb:set package 'perception_pkg' build argument 'catkin_skip_building_tests' from command line to 'False'
[1.120s] DEBUG:colcon.colcon_core.verb:Building package 'perception_pkg' with the following arguments: {'ament_cmake_args': None, 'build_base': '/home/palopezw/TitoSync/ros2_ws/src/build/perception_pkg', 'catkin_cmake_args': None, 'catkin_skip_building_tests': False, 'cmake_args': None, 'cmake_clean_cache': False, 'cmake_clean_first': False, 'cmake_force_configure': False, 'cmake_target': None, 'cmake_target_skip_unavailable': False, 'install_base': '/home/palopezw/TitoSync/ros2_ws/src/install/perception_pkg', 'merge_install': False, 'path': '/home/palopezw/TitoSync/ros2_ws/src/perception_pkg', 'symlink_install': False, 'test_result_base': None}
[1.121s] INFO:colcon.colcon_core.executor:Executing jobs using 'parallel' executor
[1.122s] DEBUG:colcon.colcon_parallel_executor.executor.parallel:run_until_complete
[1.122s] INFO:colcon.colcon_ros.task.ament_python.build:Building ROS package in '/home/palopezw/TitoSync/ros2_ws/src/coms_pkg' with build type 'ament_python'
[1.123s] Level 1:colcon.colcon_core.shell:create_environment_hook('coms_pkg', 'ament_prefix_path')
[1.132s] INFO:colcon.colcon_core.plugin_system:Skipping extension 'colcon_core.shell.bat': Not used on non-Windows systems
[1.132s] INFO:colcon.colcon_core.shell:Creating environment hook '/home/palopezw/TitoSync/ros2_ws/src/install/coms_pkg/share/coms_pkg/hook/ament_prefix_path.ps1'
[1.134s] INFO:colcon.colcon_core.shell:Creating environment descriptor '/home/palopezw/TitoSync/ros2_ws/src/install/coms_pkg/share/coms_pkg/hook/ament_prefix_path.dsv'
[1.135s] INFO:colcon.colcon_core.shell:Creating environment hook '/home/palopezw/TitoSync/ros2_ws/src/install/coms_pkg/share/coms_pkg/hook/ament_prefix_path.sh'
[1.137s] INFO:colcon.colcon_core.shell:Skip shell extension 'powershell' for command environment: Not usable outside of PowerShell
[1.137s] DEBUG:colcon.colcon_core.shell:Skip shell extension 'dsv' for command environment
[1.141s] INFO:colcon.colcon_ros.task.ament_python.build:Building ROS package in '/home/palopezw/TitoSync/ros2_ws/src/control_pkg' with build type 'ament_python'
[1.141s] Level 1:colcon.colcon_core.shell:create_environment_hook('control_pkg', 'ament_prefix_path')
[1.141s] INFO:colcon.colcon_core.shell:Creating environment hook '/home/palopezw/TitoSync/ros2_ws/src/install/control_pkg/share/control_pkg/hook/ament_prefix_path.ps1'
[1.142s] INFO:colcon.colcon_core.shell:Creating environment descriptor '/home/palopezw/TitoSync/ros2_ws/src/install/control_pkg/share/control_pkg/hook/ament_prefix_path.dsv'
[1.143s] INFO:colcon.colcon_core.shell:Creating environment hook '/home/palopezw/TitoSync/ros2_ws/src/install/control_pkg/share/control_pkg/hook/ament_prefix_path.sh'
[1.144s] INFO:colcon.colcon_core.shell:Skip shell extension 'powershell' for command environment: Not usable outside of PowerShell
[1.144s] DEBUG:colcon.colcon_core.shell:Skip shell extension 'dsv' for command environment
[1.148s] INFO:colcon.colcon_ros.task.ament_python.build:Building ROS package in '/home/palopezw/TitoSync/ros2_ws/src/perception_pkg' with build type 'ament_python'
[1.148s] Level 1:colcon.colcon_core.shell:create_environment_hook('perception_pkg', 'ament_prefix_path')
[1.148s] INFO:colcon.colcon_core.shell:Creating environment hook '/home/palopezw/TitoSync/ros2_ws/src/install/perception_pkg/share/perception_pkg/hook/ament_prefix_path.ps1'
[1.149s] INFO:colcon.colcon_core.shell:Creating environment descriptor '/home/palopezw/TitoSync/ros2_ws/src/install/perception_pkg/share/perception_pkg/hook/ament_prefix_path.dsv'
[1.150s] INFO:colcon.colcon_core.shell:Creating environment hook '/home/palopezw/TitoSync/ros2_ws/src/install/perception_pkg/share/perception_pkg/hook/ament_prefix_path.sh'
[1.151s] INFO:colcon.colcon_core.shell:Skip shell extension 'powershell' for command environment: Not usable outside of PowerShell
[1.151s] DEBUG:colcon.colcon_core.shell:Skip shell extension 'dsv' for command environment
[1.444s] INFO:colcon.colcon_core.task.python.build:Building Python package in '/home/palopezw/TitoSync/ros2_ws/src/coms_pkg'
[1.444s] INFO:colcon.colcon_core.shell:Skip shell extension 'powershell' for command environment: Not usable outside of PowerShell
[1.444s] DEBUG:colcon.colcon_core.shell:Skip shell extension 'dsv' for command environment
[1.704s] INFO:colcon.colcon_core.task.python.build:Building Python package in '/home/palopezw/TitoSync/ros2_ws/src/control_pkg'
[1.704s] INFO:colcon.colcon_core.shell:Skip shell extension 'powershell' for command environment: Not usable outside of PowerShell
[1.704s] DEBUG:colcon.colcon_core.shell:Skip shell extension 'dsv' for command environment
[1.954s] INFO:colcon.colcon_core.task.python.build:Building Python package in '/home/palopezw/TitoSync/ros2_ws/src/perception_pkg'
[1.954s] INFO:colcon.colcon_core.shell:Skip shell extension 'powershell' for command environment: Not usable outside of PowerShell
[1.954s] DEBUG:colcon.colcon_core.shell:Skip shell extension 'dsv' for command environment
[2.757s] DEBUG:colcon.colcon_core.event_handler.log_command:Invoking command in '/home/palopezw/TitoSync/ros2_ws/src/control_pkg': PYTHONPATH=/home/palopezw/TitoSync/ros2_ws/src/build/control_pkg/prefix_override:/usr/lib/python3/dist-packages/colcon_core/task/python/colcon_distutils_commands:/home/palopezw/TitoSync/ros2_ws/src/install/control_pkg/lib/python3.10/site-packages:${PYTHONPATH} /usr/bin/python3 -W ignore:setup.py install is deprecated -W ignore:easy_install command is deprecated setup.py egg_info --egg-base ../build/control_pkg build --build-base /home/palopezw/TitoSync/ros2_ws/src/build/control_pkg/build install --record /home/palopezw/TitoSync/ros2_ws/src/build/control_pkg/install.log --single-version-externally-managed install_data
[2.768s] DEBUG:colcon.colcon_core.event_handler.log_command:Invoking command in '/home/palopezw/TitoSync/ros2_ws/src/perception_pkg': PYTHONPATH=/home/palopezw/TitoSync/ros2_ws/src/build/perception_pkg/prefix_override:/usr/lib/python3/dist-packages/colcon_core/task/python/colcon_distutils_commands:/home/palopezw/TitoSync/ros2_ws/src/install/perception_pkg/lib/python3.10/site-packages:${PYTHONPATH} /usr/bin/python3 -W ignore:setup.py install is deprecated -W ignore:easy_install command is deprecated setup.py egg_info --egg-base ../build/perception_pkg build --build-base /home/palopezw/TitoSync/ros2_ws/src/build/perception_pkg/build install --record /home/palopezw/TitoSync/ros2_ws/src/build/perception_pkg/install.log --single-version-externally-managed install_data
[2.774s] DEBUG:colcon.colcon_core.event_handler.log_command:Invoking command in '/home/palopezw/TitoSync/ros2_ws/src/coms_pkg': PYTHONPATH=/home/palopezw/TitoSync/ros2_ws/src/build/coms_pkg/prefix_override:/usr/lib/python3/dist-packages/colcon_core/task/python/colcon_distutils_commands:/home/palopezw/TitoSync/ros2_ws/src/install/coms_pkg/lib/python3.10/site-packages:${PYTHONPATH} /usr/bin/python3 -W ignore:setup.py install is deprecated -W ignore:easy_install command is deprecated setup.py egg_info --egg-base ../build/coms_pkg build --build-base /home/palopezw/TitoSync/ros2_ws/src/build/coms_pkg/build install --record /home/palopezw/TitoSync/ros2_ws/src/build/coms_pkg/install.log --single-version-externally-managed install_data
[3.173s] DEBUG:colcon.colcon_core.event_handler.log_command:Invoked command in '/home/palopezw/TitoSync/ros2_ws/src/control_pkg' returned '0': PYTHONPATH=/home/palopezw/TitoSync/ros2_ws/src/build/control_pkg/prefix_override:/usr/lib/python3/dist-packages/colcon_core/task/python/colcon_distutils_commands:/home/palopezw/TitoSync/ros2_ws/src/install/control_pkg/lib/python3.10/site-packages:${PYTHONPATH} /usr/bin/python3 -W ignore:setup.py install is deprecated -W ignore:easy_install command is deprecated setup.py egg_info --egg-base ../build/control_pkg build --build-base /home/palopezw/TitoSync/ros2_ws/src/build/control_pkg/build install --record /home/palopezw/TitoSync/ros2_ws/src/build/control_pkg/install.log --single-version-externally-managed install_data
[3.184s] Level 1:colcon.colcon_core.environment:checking '/home/palopezw/TitoSync/ros2_ws/src/install/control_pkg' for CMake module files
[3.186s] Level 1:colcon.colcon_core.environment:checking '/home/palopezw/TitoSync/ros2_ws/src/install/control_pkg' for CMake config files
[3.190s] Level 1:colcon.colcon_core.environment:checking '/home/palopezw/TitoSync/ros2_ws/src/install/control_pkg/lib'
[3.190s] Level 1:colcon.colcon_core.environment:checking '/home/palopezw/TitoSync/ros2_ws/src/install/control_pkg/bin'
[3.190s] Level 1:colcon.colcon_core.environment:checking '/home/palopezw/TitoSync/ros2_ws/src/install/control_pkg/lib/pkgconfig/control_pkg.pc'
[3.190s] Level 1:colcon.colcon_core.environment:checking '/home/palopezw/TitoSync/ros2_ws/src/install/control_pkg/lib/python3.10/site-packages'
[3.190s] Level 1:colcon.colcon_core.shell:create_environment_hook('control_pkg', 'pythonpath')
[3.191s] INFO:colcon.colcon_core.shell:Creating environment hook '/home/palopezw/TitoSync/ros2_ws/src/install/control_pkg/share/control_pkg/hook/pythonpath.ps1'
[3.191s] INFO:colcon.colcon_core.shell:Creating environment descriptor '/home/palopezw/TitoSync/ros2_ws/src/install/control_pkg/share/control_pkg/hook/pythonpath.dsv'
[3.192s] INFO:colcon.colcon_core.shell:Creating environment hook '/home/palopezw/TitoSync/ros2_ws/src/install/control_pkg/share/control_pkg/hook/pythonpath.sh'
[3.193s] Level 1:colcon.colcon_core.environment:checking '/home/palopezw/TitoSync/ros2_ws/src/install/control_pkg/bin'
[3.193s] Level 1:colcon.colcon_core.environment:create_environment_scripts_only(control_pkg)
[3.193s] INFO:colcon.colcon_core.shell:Creating package script '/home/palopezw/TitoSync/ros2_ws/src/install/control_pkg/share/control_pkg/package.ps1'
[3.196s] INFO:colcon.colcon_core.shell:Creating package descriptor '/home/palopezw/TitoSync/ros2_ws/src/install/control_pkg/share/control_pkg/package.dsv'
[3.197s] INFO:colcon.colcon_core.shell:Creating package script '/home/palopezw/TitoSync/ros2_ws/src/install/control_pkg/share/control_pkg/package.sh'
[3.199s] INFO:colcon.colcon_core.shell:Creating package script '/home/palopezw/TitoSync/ros2_ws/src/install/control_pkg/share/control_pkg/package.bash'
[3.200s] INFO:colcon.colcon_core.shell:Creating package script '/home/palopezw/TitoSync/ros2_ws/src/install/control_pkg/share/control_pkg/package.zsh'
[3.201s] Level 1:colcon.colcon_core.environment:create_file_with_runtime_dependencies(/home/palopezw/TitoSync/ros2_ws/src/install/control_pkg/share/colcon-core/packages/control_pkg)
[3.205s] Level 1:colcon.colcon_core.environment:checking '/home/palopezw/TitoSync/ros2_ws/src/install/coms_pkg' for CMake module files
[3.206s] DEBUG:colcon.colcon_core.event_handler.log_command:Invoked command in '/home/palopezw/TitoSync/ros2_ws/src/coms_pkg' returned '0': PYTHONPATH=/home/palopezw/TitoSync/ros2_ws/src/build/coms_pkg/prefix_override:/usr/lib/python3/dist-packages/colcon_core/task/python/colcon_distutils_commands:/home/palopezw/TitoSync/ros2_ws/src/install/coms_pkg/lib/python3.10/site-packages:${PYTHONPATH} /usr/bin/python3 -W ignore:setup.py install is deprecated -W ignore:easy_install command is deprecated setup.py egg_info --egg-base ../build/coms_pkg build --build-base /home/palopezw/TitoSync/ros2_ws/src/build/coms_pkg/build install --record /home/palopezw/TitoSync/ros2_ws/src/build/coms_pkg/install.log --single-version-externally-managed install_data
[3.207s] Level 1:colcon.colcon_core.environment:checking '/home/palopezw/TitoSync/ros2_ws/src/install/coms_pkg' for CMake config files
[3.212s] Level 1:colcon.colcon_core.environment:checking '/home/palopezw/TitoSync/ros2_ws/src/install/coms_pkg/lib'
[3.212s] Level 1:colcon.colcon_core.environment:checking '/home/palopezw/TitoSync/ros2_ws/src/install/coms_pkg/bin'
[3.212s] Level 1:colcon.colcon_core.environment:checking '/home/palopezw/TitoSync/ros2_ws/src/install/coms_pkg/lib/pkgconfig/coms_pkg.pc'
[3.212s] Level 1:colcon.colcon_core.environment:checking '/home/palopezw/TitoSync/ros2_ws/src/install/coms_pkg/lib/python3.10/site-packages'
[3.212s] Level 1:colcon.colcon_core.shell:create_environment_hook('coms_pkg', 'pythonpath')
[3.213s] INFO:colcon.colcon_core.shell:Creating environment hook '/home/palopezw/TitoSync/ros2_ws/src/install/coms_pkg/share/coms_pkg/hook/pythonpath.ps1'
[3.214s] INFO:colcon.colcon_core.shell:Creating environment descriptor '/home/palopezw/TitoSync/ros2_ws/src/install/coms_pkg/share/coms_pkg/hook/pythonpath.dsv'
[3.215s] INFO:colcon.colcon_core.shell:Creating environment hook '/home/palopezw/TitoSync/ros2_ws/src/install/coms_pkg/share/coms_pkg/hook/pythonpath.sh'
[3.216s] Level 1:colcon.colcon_core.environment:checking '/home/palopezw/TitoSync/ros2_ws/src/install/coms_pkg/bin'
[3.216s] Level 1:colcon.colcon_core.environment:create_environment_scripts_only(coms_pkg)
[3.216s] INFO:colcon.colcon_core.shell:Creating package script '/home/palopezw/TitoSync/ros2_ws/src/install/coms_pkg/share/coms_pkg/package.ps1'
[3.217s] INFO:colcon.colcon_core.shell:Creating package descriptor '/home/palopezw/TitoSync/ros2_ws/src/install/coms_pkg/share/coms_pkg/package.dsv'
[3.218s] INFO:colcon.colcon_core.shell:Creating package script '/home/palopezw/TitoSync/ros2_ws/src/install/coms_pkg/share/coms_pkg/package.sh'
[3.219s] INFO:colcon.colcon_core.shell:Creating package script '/home/palopezw/TitoSync/ros2_ws/src/install/coms_pkg/share/coms_pkg/package.bash'
[3.219s] INFO:colcon.colcon_core.shell:Creating package script '/home/palopezw/TitoSync/ros2_ws/src/install/coms_pkg/share/coms_pkg/package.zsh'
[3.220s] Level 1:colcon.colcon_core.environment:create_file_with_runtime_dependencies(/home/palopezw/TitoSync/ros2_ws/src/install/coms_pkg/share/colcon-core/packages/coms_pkg)
[3.220s] Level 1:colcon.colcon_core.environment:checking '/home/palopezw/TitoSync/ros2_ws/src/install/perception_pkg' for CMake module files
[3.222s] DEBUG:colcon.colcon_core.event_handler.log_command:Invoked command in '/home/palopezw/TitoSync/ros2_ws/src/perception_pkg' returned '0': PYTHONPATH=/home/palopezw/TitoSync/ros2_ws/src/build/perception_pkg/prefix_override:/usr/lib/python3/dist-packages/colcon_core/task/python/colcon_distutils_commands:/home/palopezw/TitoSync/ros2_ws/src/install/perception_pkg/lib/python3.10/site-packages:${PYTHONPATH} /usr/bin/python3 -W ignore:setup.py install is deprecated -W ignore:easy_install command is deprecated setup.py egg_info --egg-base ../build/perception_pkg build --build-base /home/palopezw/TitoSync/ros2_ws/src/build/perception_pkg/build install --record /home/palopezw/TitoSync/ros2_ws/src/build/perception_pkg/install.log --single-version-externally-managed install_data
[3.223s] Level 1:colcon.colcon_core.environment:checking '/home/palopezw/TitoSync/ros2_ws/src/install/perception_pkg' for CMake config files
[3.226s] Level 1:colcon.colcon_core.environment:checking '/home/palopezw/TitoSync/ros2_ws/src/install/perception_pkg/lib'
[3.226s] Level 1:colcon.colcon_core.environment:checking '/home/palopezw/TitoSync/ros2_ws/src/install/perception_pkg/bin'
[3.226s] Level 1:colcon.colcon_core.environment:checking '/home/palopezw/TitoSync/ros2_ws/src/install/perception_pkg/lib/pkgconfig/perception_pkg.pc'
[3.226s] Level 1:colcon.colcon_core.environment:checking '/home/palopezw/TitoSync/ros2_ws/src/install/perception_pkg/lib/python3.10/site-packages'
[3.226s] Level 1:colcon.colcon_core.shell:create_environment_hook('perception_pkg', 'pythonpath')
[3.227s] INFO:colcon.colcon_core.shell:Creating environment hook '/home/palopezw/TitoSync/ros2_ws/src/install/perception_pkg/share/perception_pkg/hook/pythonpath.ps1'
[3.227s] INFO:colcon.colcon_core.shell:Creating environment descriptor '/home/palopezw/TitoSync/ros2_ws/src/install/perception_pkg/share/perception_pkg/hook/pythonpath.dsv'
[3.228s] INFO:colcon.colcon_core.shell:Creating environment hook '/home/palopezw/TitoSync/ros2_ws/src/install/perception_pkg/share/perception_pkg/hook/pythonpath.sh'
[3.228s] Level 1:colcon.colcon_core.environment:checking '/home/palopezw/TitoSync/ros2_ws/src/install/perception_pkg/bin'
[3.228s] Level 1:colcon.colcon_core.environment:create_environment_scripts_only(perception_pkg)
[3.229s] INFO:colcon.colcon_core.shell:Creating package script '/home/palopezw/TitoSync/ros2_ws/src/install/perception_pkg/share/perception_pkg/package.ps1'
[3.230s] INFO:colcon.colcon_core.shell:Creating package descriptor '/home/palopezw/TitoSync/ros2_ws/src/install/perception_pkg/share/perception_pkg/package.dsv'
[3.230s] INFO:colcon.colcon_core.shell:Creating package script '/home/palopezw/TitoSync/ros2_ws/src/install/perception_pkg/share/perception_pkg/package.sh'
[3.231s] INFO:colcon.colcon_core.shell:Creating package script '/home/palopezw/TitoSync/ros2_ws/src/install/perception_pkg/share/perception_pkg/package.bash'
[3.232s] INFO:colcon.colcon_core.shell:Creating package script '/home/palopezw/TitoSync/ros2_ws/src/install/perception_pkg/share/perception_pkg/package.zsh'
[3.232s] Level 1:colcon.colcon_core.environment:create_file_with_runtime_dependencies(/home/palopezw/TitoSync/ros2_ws/src/install/perception_pkg/share/colcon-core/packages/perception_pkg)
[3.233s] DEBUG:colcon.colcon_parallel_executor.executor.parallel:closing loop
[3.234s] DEBUG:colcon.colcon_parallel_executor.executor.parallel:loop closed
[3.234s] DEBUG:colcon.colcon_parallel_executor.executor.parallel:run_until_complete finished with '0'
[3.234s] DEBUG:colcon.colcon_core.event_reactor:joining thread
[3.296s] INFO:colcon.colcon_core.plugin_system:Skipping extension 'colcon_notification.desktop_notification.notify_send': Could not find 'notify-send'
[3.296s] INFO:colcon.colcon_core.plugin_system:Skipping extension 'colcon_notification.desktop_notification.terminal_notifier': Not used on non-Darwin systems
[3.296s] INFO:colcon.colcon_core.plugin_system:Skipping extension 'colcon_notification.desktop_notification.win32': Not used on non-Windows systems
[3.296s] INFO:colcon.colcon_notification.desktop_notification:Sending desktop notification using 'notify2'
[3.296s] DEBUG:colcon.colcon_notification.desktop_notification.notify2:Failed to initialize notify2: org.freedesktop.DBus.Error.FileNotFound: Failed to connect to socket /run/user/1000/bus: No such file or directory
[3.296s] DEBUG:colcon.colcon_core.event_reactor:joined thread
[3.297s] INFO:colcon.colcon_core.shell:Creating prefix script '/home/palopezw/TitoSync/ros2_ws/src/install/local_setup.ps1'
[3.300s] INFO:colcon.colcon_core.shell:Creating prefix util module '/home/palopezw/TitoSync/ros2_ws/src/install/_local_setup_util_ps1.py'
[3.302s] INFO:colcon.colcon_core.shell:Creating prefix chain script '/home/palopezw/TitoSync/ros2_ws/src/install/setup.ps1'
[3.304s] INFO:colcon.colcon_core.shell:Creating prefix script '/home/palopezw/TitoSync/ros2_ws/src/install/local_setup.sh'
[3.305s] INFO:colcon.colcon_core.shell:Creating prefix util module '/home/palopezw/TitoSync/ros2_ws/src/install/_local_setup_util_sh.py'
[3.306s] INFO:colcon.colcon_core.shell:Creating prefix chain script '/home/palopezw/TitoSync/ros2_ws/src/install/setup.sh'
[3.308s] INFO:colcon.colcon_core.shell:Creating prefix script '/home/palopezw/TitoSync/ros2_ws/src/install/local_setup.bash'
[3.309s] INFO:colcon.colcon_core.shell:Creating prefix chain script '/home/palopezw/TitoSync/ros2_ws/src/install/setup.bash'
[3.311s] INFO:colcon.colcon_core.shell:Creating prefix script '/home/palopezw/TitoSync/ros2_ws/src/install/local_setup.zsh'
[3.312s] INFO:colcon.colcon_core.shell:Creating prefix chain script '/home/palopezw/TitoSync/ros2_ws/src/install/setup.zsh'
