/home/palopezw/TitoSync/ros2_ws/src/perception_pkg/install/perception_pkg/lib/python3.10/site-packages/perception_pkg/__init__.py
/home/palopezw/TitoSync/ros2_ws/src/perception_pkg/install/perception_pkg/lib/python3.10/site-packages/perception_pkg/funciones_auxiliares.py
/home/palopezw/TitoSync/ros2_ws/src/perception_pkg/install/perception_pkg/lib/python3.10/site-packages/perception_pkg/calibracion_oak_final.py
/home/palopezw/TitoSync/ros2_ws/src/perception_pkg/install/perception_pkg/lib/python3.10/site-packages/perception_pkg/camara.py
/home/palopezw/TitoSync/ros2_ws/src/perception_pkg/install/perception_pkg/lib/python3.10/site-packages/perception_pkg/calibracion.py
/home/palopezw/TitoSync/ros2_ws/src/perception_pkg/install/perception_pkg/lib/python3.10/site-packages/perception_pkg/__pycache__/__init__.cpython-310.pyc
/home/palopezw/TitoSync/ros2_ws/src/perception_pkg/install/perception_pkg/lib/python3.10/site-packages/perception_pkg/__pycache__/funciones_auxiliares.cpython-310.pyc
/home/palopezw/TitoSync/ros2_ws/src/perception_pkg/install/perception_pkg/lib/python3.10/site-packages/perception_pkg/__pycache__/calibracion_oak_final.cpython-310.pyc
/home/palopezw/TitoSync/ros2_ws/src/perception_pkg/install/perception_pkg/lib/python3.10/site-packages/perception_pkg/__pycache__/camara.cpython-310.pyc
/home/palopezw/TitoSync/ros2_ws/src/perception_pkg/install/perception_pkg/lib/python3.10/site-packages/perception_pkg/__pycache__/calibracion.cpython-310.pyc
/home/palopezw/TitoSync/ros2_ws/src/perception_pkg/install/perception_pkg/share/ament_index/resource_index/packages/perception_pkg
/home/palopezw/TitoSync/ros2_ws/src/perception_pkg/install/perception_pkg/share/perception_pkg/launch/bringup_launch.py
/home/palopezw/TitoSync/ros2_ws/src/perception_pkg/install/perception_pkg/share/perception_pkg/package.xml
/home/palopezw/TitoSync/ros2_ws/src/perception_pkg/install/perception_pkg/share/perception_pkg/valores_lower_upper_refpoint.txt
/home/palopezw/TitoSync/ros2_ws/src/perception_pkg/install/perception_pkg/lib/python3.10/site-packages/perception_pkg-0.0.0-py3.10.egg-info/PKG-INFO
/home/palopezw/TitoSync/ros2_ws/src/perception_pkg/install/perception_pkg/lib/python3.10/site-packages/perception_pkg-0.0.0-py3.10.egg-info/top_level.txt
/home/palopezw/TitoSync/ros2_ws/src/perception_pkg/install/perception_pkg/lib/python3.10/site-packages/perception_pkg-0.0.0-py3.10.egg-info/entry_points.txt
/home/palopezw/TitoSync/ros2_ws/src/perception_pkg/install/perception_pkg/lib/python3.10/site-packages/perception_pkg-0.0.0-py3.10.egg-info/zip-safe
/home/palopezw/TitoSync/ros2_ws/src/perception_pkg/install/perception_pkg/lib/python3.10/site-packages/perception_pkg-0.0.0-py3.10.egg-info/SOURCES.txt
/home/palopezw/TitoSync/ros2_ws/src/perception_pkg/install/perception_pkg/lib/python3.10/site-packages/perception_pkg-0.0.0-py3.10.egg-info/requires.txt
/home/palopezw/TitoSync/ros2_ws/src/perception_pkg/install/perception_pkg/lib/python3.10/site-packages/perception_pkg-0.0.0-py3.10.egg-info/dependency_links.txt
/home/palopezw/TitoSync/ros2_ws/src/perception_pkg/install/perception_pkg/lib/perception_pkg/camara
